{"/Users/keisuke/dev/lovelab.heroku/src/db.ts": {"path":"/Users/keisuke/dev/lovelab.heroku/src/db.ts","statementMap":{"0":{"start":{"line":1,"column":0},"end":{"line":1,"column":38}},"1":{"start":{"line":2,"column":0},"end":{"line":2,"column":41}},"2":{"start":{"line":3,"column":0},"end":{"line":3,"column":53}},"3":{"start":{"line":4,"column":0},"end":{"line":4,"column":71}},"4":{"start":{"line":5,"column":0},"end":{"line":5,"column":56}},"5":{"start":{"line":6,"column":0},"end":{"line":6,"column":53}},"6":{"start":{"line":7,"column":0},"end":{"line":7,"column":56}},"7":{"start":{"line":9,"column":18},"end":{"line":9,"column":23}},"8":{"start":{"line":10,"column":24},"end":{"line":73,"column":1}},"9":{"start":{"line":14,"column":2},"end":{"line":14,"column":45}},"10":{"start":{"line":15,"column":2},"end":{"line":17,"column":null}},"11":{"start":{"line":16,"column":4},"end":{"line":16,"column":33}},"12":{"start":{"line":19,"column":17},"end":{"line":19,"column":35}},"13":{"start":{"line":20,"column":20},"end":{"line":28,"column":null}},"14":{"start":{"line":31,"column":2},"end":{"line":31,"column":27}},"15":{"start":{"line":32,"column":2},"end":{"line":32,"column":26}},"16":{"start":{"line":33,"column":2},"end":{"line":33,"column":32}},"17":{"start":{"line":34,"column":2},"end":{"line":34,"column":26}},"18":{"start":{"line":35,"column":2},"end":{"line":35,"column":27}},"19":{"start":{"line":37,"column":2},"end":{"line":72,"column":7}},"20":{"start":{"line":40,"column":6},"end":{"line":42,"column":9}},"21":{"start":{"line":45,"column":6},"end":{"line":47,"column":9}},"22":{"start":{"line":50,"column":6},"end":{"line":52,"column":9}},"23":{"start":{"line":55,"column":6},"end":{"line":57,"column":9}},"24":{"start":{"line":60,"column":6},"end":{"line":62,"column":9}},"25":{"start":{"line":65,"column":6},"end":{"line":65,"column":25}},"26":{"start":{"line":66,"column":6},"end":{"line":66,"column":18}},"27":{"start":{"line":70,"column":6},"end":{"line":70,"column":59}},"28":{"start":{"line":71,"column":6},"end":{"line":71,"column":22}},"29":{"start":{"line":75,"column":0},"end":{"line":75,"column":31}}},"fnMap":{"0":{"name":"(anonymous_0)","decl":{"start":{"line":10,"column":24},"end":{"line":10,"column":null}},"loc":{"start":{"line":13,"column":22},"end":{"line":73,"column":1}}},"1":{"name":"(anonymous_1)","decl":{"start":{"line":39,"column":10},"end":{"line":39,"column":13}},"loc":{"start":{"line":39,"column":15},"end":{"line":43,"column":5}}},"2":{"name":"(anonymous_2)","decl":{"start":{"line":44,"column":10},"end":{"line":44,"column":13}},"loc":{"start":{"line":44,"column":15},"end":{"line":48,"column":5}}},"3":{"name":"(anonymous_3)","decl":{"start":{"line":49,"column":10},"end":{"line":49,"column":13}},"loc":{"start":{"line":49,"column":15},"end":{"line":53,"column":5}}},"4":{"name":"(anonymous_4)","decl":{"start":{"line":54,"column":10},"end":{"line":54,"column":13}},"loc":{"start":{"line":54,"column":15},"end":{"line":58,"column":5}}},"5":{"name":"(anonymous_5)","decl":{"start":{"line":59,"column":10},"end":{"line":59,"column":13}},"loc":{"start":{"line":59,"column":15},"end":{"line":63,"column":5}}},"6":{"name":"(anonymous_6)","decl":{"start":{"line":64,"column":10},"end":{"line":64,"column":13}},"loc":{"start":{"line":64,"column":15},"end":{"line":67,"column":5}}},"7":{"name":"(anonymous_7)","decl":{"start":{"line":68,"column":11},"end":{"line":68,"column":14}},"loc":{"start":{"line":68,"column":16},"end":{"line":72,"column":5}}}},"branchMap":{"0":{"loc":{"start":{"line":11,"column":15},"end":{"line":11,"column":20}},"type":"default-arg","locations":[{"start":{"line":11,"column":15},"end":{"line":11,"column":20}}]},"1":{"loc":{"start":{"line":12,"column":11},"end":{"line":12,"column":16}},"type":"default-arg","locations":[{"start":{"line":12,"column":11},"end":{"line":12,"column":16}}]},"2":{"loc":{"start":{"line":15,"column":2},"end":{"line":17,"column":null}},"type":"if","locations":[{"start":{"line":15,"column":2},"end":{"line":17,"column":null}},{"start":{"line":15,"column":2},"end":{"line":17,"column":null}}]}},"s":{"0":1,"1":1,"2":1,"3":1,"4":1,"5":1,"6":1,"7":1,"8":1,"9":1,"10":1,"11":0,"12":1,"13":1,"14":1,"15":1,"16":1,"17":1,"18":1,"19":1,"20":1,"21":1,"22":1,"23":1,"24":1,"25":1,"26":1,"27":0,"28":0,"29":1},"f":{"0":1,"1":1,"2":1,"3":1,"4":1,"5":1,"6":1,"7":0},"b":{"0":[0],"1":[0],"2":[0,1]}}
,"/Users/keisuke/dev/lovelab.heroku/src/startApp.ts": {"path":"/Users/keisuke/dev/lovelab.heroku/src/startApp.ts","statementMap":{"0":{"start":{"line":1,"column":0},"end":{"line":1,"column":35}},"1":{"start":{"line":2,"column":0},"end":{"line":2,"column":42}},"2":{"start":{"line":3,"column":0},"end":{"line":3,"column":55}},"3":{"start":{"line":4,"column":0},"end":{"line":4,"column":41}},"4":{"start":{"line":5,"column":0},"end":{"line":5,"column":54}},"5":{"start":{"line":9,"column":12},"end":{"line":9,"column":21}},"6":{"start":{"line":11,"column":0},"end":{"line":11,"column":51}},"7":{"start":{"line":12,"column":0},"end":{"line":12,"column":27}},"8":{"start":{"line":14,"column":0},"end":{"line":14,"column":29}},"9":{"start":{"line":17,"column":0},"end":{"line":17,"column":41}},"10":{"start":{"line":19,"column":0},"end":{"line":19,"column":42}},"11":{"start":{"line":21,"column":0},"end":{"line":21,"column":19}}},"fnMap":{},"branchMap":{},"s":{"0":1,"1":1,"2":1,"3":1,"4":1,"5":1,"6":1,"7":1,"8":1,"9":1,"10":1,"11":1},"f":{},"b":{}}
,"/Users/keisuke/dev/lovelab.heroku/src/config/config.ts": {"path":"/Users/keisuke/dev/lovelab.heroku/src/config/config.ts","statementMap":{"0":{"start":{"line":1,"column":0},"end":{"line":1,"column":33}},"1":{"start":{"line":12,"column":19},"end":{"line":33,"column":1}},"2":{"start":{"line":13,"column":2},"end":{"line":13,"column":18}},"3":{"start":{"line":14,"column":38},"end":{"line":21,"column":4}},"4":{"start":{"line":23,"column":35},"end":{"line":30,"column":4}},"5":{"start":{"line":32,"column":2},"end":{"line":32,"column":45}},"6":{"start":{"line":35,"column":0},"end":{"line":35,"column":26}}},"fnMap":{"0":{"name":"(anonymous_0)","decl":{"start":{"line":12,"column":19},"end":{"line":12,"column":20}},"loc":{"start":{"line":12,"column":52},"end":{"line":33,"column":1}}}},"branchMap":{"0":{"loc":{"start":{"line":12,"column":29},"end":{"line":12,"column":34}},"type":"default-arg","locations":[{"start":{"line":12,"column":29},"end":{"line":12,"column":34}}]},"1":{"loc":{"start":{"line":15,"column":10},"end":{"line":15,"column":30}},"type":"binary-expr","locations":[{"start":{"line":15,"column":10},"end":{"line":15,"column":30}},{"start":{"line":15,"column":34},"end":{"line":15,"column":45}}]},"2":{"loc":{"start":{"line":16,"column":39},"end":{"line":16,"column":43}},"type":"cond-expr","locations":[{"start":{"line":16,"column":39},"end":{"line":16,"column":43}},{"start":{"line":16,"column":43},"end":{"line":16,"column":49}}]},"3":{"loc":{"start":{"line":16,"column":39},"end":{"line":16,"column":43}},"type":"binary-expr","locations":[{"start":{"line":16,"column":39},"end":{"line":16,"column":43}},{"start":{"line":16,"column":39},"end":{"line":16,"column":43}}]},"4":{"loc":{"start":{"line":18,"column":14},"end":{"line":18,"column":38}},"type":"binary-expr","locations":[{"start":{"line":18,"column":14},"end":{"line":18,"column":38}},{"start":{"line":18,"column":42},"end":{"line":18,"column":63}}]},"5":{"loc":{"start":{"line":19,"column":10},"end":{"line":19,"column":30}},"type":"binary-expr","locations":[{"start":{"line":19,"column":10},"end":{"line":19,"column":30}},{"start":{"line":19,"column":34},"end":{"line":19,"column":40}}]},"6":{"loc":{"start":{"line":20,"column":14},"end":{"line":20,"column":38}},"type":"binary-expr","locations":[{"start":{"line":20,"column":14},"end":{"line":20,"column":38}},{"start":{"line":20,"column":42},"end":{"line":20,"column":44}}]},"7":{"loc":{"start":{"line":24,"column":10},"end":{"line":24,"column":35}},"type":"binary-expr","locations":[{"start":{"line":24,"column":10},"end":{"line":24,"column":35}},{"start":{"line":24,"column":39},"end":{"line":24,"column":50}}]},"8":{"loc":{"start":{"line":25,"column":44},"end":{"line":25,"column":48}},"type":"cond-expr","locations":[{"start":{"line":25,"column":44},"end":{"line":25,"column":48}},{"start":{"line":25,"column":48},"end":{"line":25,"column":54}}]},"9":{"loc":{"start":{"line":25,"column":44},"end":{"line":25,"column":48}},"type":"binary-expr","locations":[{"start":{"line":25,"column":44},"end":{"line":25,"column":48}},{"start":{"line":25,"column":44},"end":{"line":25,"column":48}}]},"10":{"loc":{"start":{"line":27,"column":14},"end":{"line":27,"column":43}},"type":"binary-expr","locations":[{"start":{"line":27,"column":14},"end":{"line":27,"column":43}},{"start":{"line":27,"column":47},"end":{"line":27,"column":68}}]},"11":{"loc":{"start":{"line":28,"column":10},"end":{"line":28,"column":35}},"type":"binary-expr","locations":[{"start":{"line":28,"column":10},"end":{"line":28,"column":35}},{"start":{"line":28,"column":39},"end":{"line":28,"column":45}}]},"12":{"loc":{"start":{"line":29,"column":14},"end":{"line":29,"column":43}},"type":"binary-expr","locations":[{"start":{"line":29,"column":14},"end":{"line":29,"column":43}},{"start":{"line":29,"column":47},"end":{"line":29,"column":49}}]},"13":{"loc":{"start":{"line":32,"column":18},"end":{"line":32,"column":28}},"type":"cond-expr","locations":[{"start":{"line":32,"column":18},"end":{"line":32,"column":28}},{"start":{"line":32,"column":31},"end":{"line":32,"column":44}}]}},"s":{"0":1,"1":1,"2":1,"3":1,"4":1,"5":1,"6":1},"f":{"0":1},"b":{"0":[0],"1":[1,0],"2":[1,0],"3":[1,1],"4":[1,0],"5":[1,0],"6":[1,0],"7":[1,0],"8":[1,0],"9":[1,1],"10":[1,0],"11":[1,0],"12":[1,0],"13":[1,0]}}
,"/Users/keisuke/dev/lovelab.heroku/src/middleware/authorization.ts": {"path":"/Users/keisuke/dev/lovelab.heroku/src/middleware/authorization.ts","statementMap":{"0":{"start":{"line":2,"column":0},"end":{"line":2,"column":42}},"1":{"start":{"line":3,"column":0},"end":{"line":3,"column":42}},"2":{"start":{"line":5,"column":22},"end":{"line":25,"column":1}},"3":{"start":{"line":10,"column":25},"end":{"line":10,"column":49}},"4":{"start":{"line":11,"column":2},"end":{"line":14,"column":null}},"5":{"start":{"line":12,"column":4},"end":{"line":12,"column":27}},"6":{"start":{"line":13,"column":4},"end":{"line":13,"column":11}},"7":{"start":{"line":15,"column":16},"end":{"line":15,"column":44}},"8":{"start":{"line":16,"column":2},"end":{"line":24,"column":5}},"9":{"start":{"line":17,"column":4},"end":{"line":21,"column":null}},"10":{"start":{"line":19,"column":6},"end":{"line":19,"column":29}},"11":{"start":{"line":20,"column":6},"end":{"line":20,"column":13}},"12":{"start":{"line":22,"column":4},"end":{"line":22,"column":38}},"13":{"start":{"line":23,"column":4},"end":{"line":23,"column":11}},"14":{"start":{"line":27,"column":0},"end":{"line":27,"column":29}}},"fnMap":{"0":{"name":"(anonymous_0)","decl":{"start":{"line":5,"column":22},"end":{"line":5,"column":null}},"loc":{"start":{"line":9,"column":10},"end":{"line":25,"column":1}}},"1":{"name":"(anonymous_1)","decl":{"start":{"line":16,"column":30},"end":{"line":16,"column":38}},"loc":{"start":{"line":16,"column":41},"end":{"line":24,"column":3}}}},"branchMap":{"0":{"loc":{"start":{"line":11,"column":2},"end":{"line":14,"column":null}},"type":"if","locations":[{"start":{"line":11,"column":2},"end":{"line":14,"column":null}},{"start":{"line":11,"column":2},"end":{"line":14,"column":null}}]},"1":{"loc":{"start":{"line":11,"column":6},"end":{"line":11,"column":34}},"type":"binary-expr","locations":[{"start":{"line":11,"column":6},"end":{"line":11,"column":34}},{"start":{"line":11,"column":38},"end":{"line":11,"column":70}}]},"2":{"loc":{"start":{"line":17,"column":4},"end":{"line":21,"column":null}},"type":"if","locations":[{"start":{"line":17,"column":4},"end":{"line":21,"column":null}},{"start":{"line":17,"column":4},"end":{"line":21,"column":null}}]}},"s":{"0":1,"1":1,"2":1,"3":22,"4":22,"5":1,"6":1,"7":21,"8":21,"9":21,"10":0,"11":0,"12":21,"13":21,"14":1},"f":{"0":22,"1":21},"b":{"0":[1,21],"1":[22,21],"2":[0,21]}}
,"/Users/keisuke/dev/lovelab.heroku/src/models/groups.ts": {"path":"/Users/keisuke/dev/lovelab.heroku/src/models/groups.ts","statementMap":{"0":{"start":{"line":1,"column":0},"end":{"line":1,"column":56}},"1":{"start":{"line":11,"column":4},"end":{"line":35,"column":6}},"2":{"start":{"line":45,"column":9},"end":{"line":45,"column":15}},"3":{"start":{"line":40,"column":22},"end":{"line":43,"column":1}},"4":{"start":{"line":41,"column":2},"end":{"line":41,"column":27}},"5":{"start":{"line":42,"column":2},"end":{"line":42,"column":16}},"6":{"start":{"line":45,"column":17},"end":{"line":45,"column":30}}},"fnMap":{"0":{"name":"(anonymous_0)","decl":{"start":{"line":10,"column":9},"end":{"line":10,"column":15}},"loc":{"start":{"line":10,"column":43},"end":{"line":36,"column":3}}},"1":{"name":"(anonymous_1)","decl":{"start":{"line":40,"column":22},"end":{"line":40,"column":23}},"loc":{"start":{"line":40,"column":47},"end":{"line":43,"column":1}}}},"branchMap":{},"s":{"0":1,"1":1,"2":1,"3":1,"4":1,"5":1,"6":1},"f":{"0":1,"1":1},"b":{}}
,"/Users/keisuke/dev/lovelab.heroku/src/models/invitations.ts": {"path":"/Users/keisuke/dev/lovelab.heroku/src/models/invitations.ts","statementMap":{"0":{"start":{"line":1,"column":0},"end":{"line":1,"column":56}},"1":{"start":{"line":15,"column":4},"end":{"line":58,"column":6}},"2":{"start":{"line":68,"column":9},"end":{"line":68,"column":20}},"3":{"start":{"line":63,"column":27},"end":{"line":66,"column":1}},"4":{"start":{"line":64,"column":2},"end":{"line":64,"column":32}},"5":{"start":{"line":65,"column":2},"end":{"line":65,"column":21}},"6":{"start":{"line":68,"column":22},"end":{"line":68,"column":40}}},"fnMap":{"0":{"name":"(anonymous_0)","decl":{"start":{"line":14,"column":9},"end":{"line":14,"column":15}},"loc":{"start":{"line":14,"column":43},"end":{"line":59,"column":3}}},"1":{"name":"(anonymous_1)","decl":{"start":{"line":63,"column":27},"end":{"line":63,"column":28}},"loc":{"start":{"line":63,"column":52},"end":{"line":66,"column":1}}}},"branchMap":{},"s":{"0":1,"1":1,"2":1,"3":1,"4":1,"5":1,"6":1},"f":{"0":1,"1":1},"b":{}}
,"/Users/keisuke/dev/lovelab.heroku/src/models/tasks.ts": {"path":"/Users/keisuke/dev/lovelab.heroku/src/models/tasks.ts","statementMap":{"0":{"start":{"line":1,"column":0},"end":{"line":1,"column":56}},"1":{"start":{"line":21,"column":4},"end":{"line":77,"column":6}},"2":{"start":{"line":87,"column":9},"end":{"line":87,"column":14}},"3":{"start":{"line":82,"column":21},"end":{"line":85,"column":1}},"4":{"start":{"line":83,"column":2},"end":{"line":83,"column":26}},"5":{"start":{"line":84,"column":2},"end":{"line":84,"column":15}},"6":{"start":{"line":87,"column":16},"end":{"line":87,"column":28}}},"fnMap":{"0":{"name":"(anonymous_0)","decl":{"start":{"line":20,"column":9},"end":{"line":20,"column":15}},"loc":{"start":{"line":20,"column":43},"end":{"line":78,"column":3}}},"1":{"name":"(anonymous_1)","decl":{"start":{"line":82,"column":21},"end":{"line":82,"column":22}},"loc":{"start":{"line":82,"column":46},"end":{"line":85,"column":1}}}},"branchMap":{},"s":{"0":1,"1":1,"2":1,"3":1,"4":1,"5":1,"6":1},"f":{"0":1,"1":1},"b":{}}
,"/Users/keisuke/dev/lovelab.heroku/src/models/tokens.ts": {"path":"/Users/keisuke/dev/lovelab.heroku/src/models/tokens.ts","statementMap":{"0":{"start":{"line":1,"column":0},"end":{"line":1,"column":56}},"1":{"start":{"line":11,"column":4},"end":{"line":36,"column":6}},"2":{"start":{"line":46,"column":9},"end":{"line":46,"column":15}},"3":{"start":{"line":41,"column":22},"end":{"line":44,"column":1}},"4":{"start":{"line":42,"column":2},"end":{"line":42,"column":27}},"5":{"start":{"line":43,"column":2},"end":{"line":43,"column":16}},"6":{"start":{"line":46,"column":17},"end":{"line":46,"column":30}}},"fnMap":{"0":{"name":"(anonymous_0)","decl":{"start":{"line":10,"column":9},"end":{"line":10,"column":15}},"loc":{"start":{"line":10,"column":43},"end":{"line":37,"column":3}}},"1":{"name":"(anonymous_1)","decl":{"start":{"line":41,"column":22},"end":{"line":41,"column":23}},"loc":{"start":{"line":41,"column":47},"end":{"line":44,"column":1}}}},"branchMap":{},"s":{"0":1,"1":1,"2":1,"3":1,"4":1,"5":1,"6":1},"f":{"0":1,"1":1},"b":{}}
,"/Users/keisuke/dev/lovelab.heroku/src/models/users.ts": {"path":"/Users/keisuke/dev/lovelab.heroku/src/models/users.ts","statementMap":{"0":{"start":{"line":1,"column":0},"end":{"line":1,"column":56}},"1":{"start":{"line":19,"column":4},"end":{"line":67,"column":6}},"2":{"start":{"line":77,"column":9},"end":{"line":77,"column":14}},"3":{"start":{"line":72,"column":21},"end":{"line":75,"column":1}},"4":{"start":{"line":73,"column":2},"end":{"line":73,"column":26}},"5":{"start":{"line":74,"column":2},"end":{"line":74,"column":15}},"6":{"start":{"line":77,"column":16},"end":{"line":77,"column":28}}},"fnMap":{"0":{"name":"(anonymous_0)","decl":{"start":{"line":18,"column":9},"end":{"line":18,"column":15}},"loc":{"start":{"line":18,"column":43},"end":{"line":68,"column":3}}},"1":{"name":"(anonymous_1)","decl":{"start":{"line":72,"column":21},"end":{"line":72,"column":22}},"loc":{"start":{"line":72,"column":46},"end":{"line":75,"column":1}}}},"branchMap":{},"s":{"0":1,"1":1,"2":1,"3":1,"4":1,"5":1,"6":1},"f":{"0":1,"1":1},"b":{}}
,"/Users/keisuke/dev/lovelab.heroku/src/others/error.ts": {"path":"/Users/keisuke/dev/lovelab.heroku/src/others/error.ts","statementMap":{"0":{"start":{"line":13,"column":37},"end":{"line":13,"column":72}},"1":{"start":{"line":22,"column":9},"end":{"line":22,"column":22}},"2":{"start":{"line":15,"column":20},"end":{"line":20,"column":1}},"3":{"start":{"line":16,"column":25},"end":{"line":16,"column":62}},"4":{"start":{"line":17,"column":23},"end":{"line":17,"column":68}},"5":{"start":{"line":19,"column":2},"end":{"line":19,"column":59}},"6":{"start":{"line":21,"column":0},"end":{"line":21,"column":27}}},"fnMap":{"0":{"name":"(anonymous_0)","decl":{"start":{"line":15,"column":20},"end":{"line":15,"column":21}},"loc":{"start":{"line":15,"column":71},"end":{"line":20,"column":1}}}},"branchMap":{},"s":{"0":1,"1":1,"2":1,"3":11,"4":11,"5":11,"6":1},"f":{"0":11},"b":{}}
,"/Users/keisuke/dev/lovelab.heroku/src/others/users.ts": {"path":"/Users/keisuke/dev/lovelab.heroku/src/others/users.ts","statementMap":{"0":{"start":{"line":9,"column":33},"end":{"line":14,"column":1}},"1":{"start":{"line":12,"column":52},"end":{"line":12,"column":56}},"2":{"start":{"line":13,"column":2},"end":{"line":13,"column":51}},"3":{"start":{"line":22,"column":9},"end":{"line":22,"column":33}},"4":{"start":{"line":15,"column":17},"end":{"line":20,"column":1}},"5":{"start":{"line":16,"column":2},"end":{"line":18,"column":null}},"6":{"start":{"line":17,"column":4},"end":{"line":17,"column":17}},"7":{"start":{"line":19,"column":2},"end":{"line":19,"column":14}},"8":{"start":{"line":22,"column":35},"end":{"line":22,"column":43}}},"fnMap":{"0":{"name":"(anonymous_0)","decl":{"start":{"line":9,"column":33},"end":{"line":9,"column":null}},"loc":{"start":{"line":11,"column":24},"end":{"line":14,"column":1}}},"1":{"name":"(anonymous_1)","decl":{"start":{"line":15,"column":17},"end":{"line":15,"column":18}},"loc":{"start":{"line":15,"column":42},"end":{"line":20,"column":1}}}},"branchMap":{"0":{"loc":{"start":{"line":16,"column":2},"end":{"line":18,"column":null}},"type":"if","locations":[{"start":{"line":16,"column":2},"end":{"line":18,"column":null}},{"start":{"line":16,"column":2},"end":{"line":18,"column":null}}]},"1":{"loc":{"start":{"line":16,"column":6},"end":{"line":16,"column":23}},"type":"binary-expr","locations":[{"start":{"line":16,"column":6},"end":{"line":16,"column":23}},{"start":{"line":16,"column":27},"end":{"line":16,"column":39}},{"start":{"line":16,"column":43},"end":{"line":16,"column":53}}]}},"s":{"0":1,"1":9,"2":9,"3":1,"4":1,"5":9,"6":2,"7":7,"8":1},"f":{"0":9,"1":9},"b":{"0":[2,7],"1":[9,7,7]}}
,"/Users/keisuke/dev/lovelab.heroku/src/routes/v1/index.ts": {"path":"/Users/keisuke/dev/lovelab.heroku/src/routes/v1/index.ts","statementMap":{"0":{"start":{"line":1,"column":0},"end":{"line":1,"column":35}},"1":{"start":{"line":2,"column":0},"end":{"line":2,"column":34}},"2":{"start":{"line":3,"column":0},"end":{"line":3,"column":36}},"3":{"start":{"line":5,"column":15},"end":{"line":5,"column":31}},"4":{"start":{"line":7,"column":0},"end":{"line":7,"column":36}},"5":{"start":{"line":8,"column":0},"end":{"line":8,"column":34}},"6":{"start":{"line":10,"column":0},"end":{"line":10,"column":22}}},"fnMap":{},"branchMap":{},"s":{"0":1,"1":1,"2":1,"3":1,"4":1,"5":1,"6":1},"f":{},"b":{}}
,"/Users/keisuke/dev/lovelab.heroku/src/routes/v1/login.ts": {"path":"/Users/keisuke/dev/lovelab.heroku/src/routes/v1/login.ts","statementMap":{"0":{"start":{"line":1,"column":0},"end":{"line":1,"column":35}},"1":{"start":{"line":2,"column":0},"end":{"line":2,"column":33}},"2":{"start":{"line":3,"column":0},"end":{"line":3,"column":43}},"3":{"start":{"line":4,"column":0},"end":{"line":4,"column":45}},"4":{"start":{"line":5,"column":0},"end":{"line":5,"column":45}},"5":{"start":{"line":7,"column":15},"end":{"line":7,"column":31}},"6":{"start":{"line":11,"column":0},"end":{"line":42,"column":3}},"7":{"start":{"line":12,"column":30},"end":{"line":12,"column":38}},"8":{"start":{"line":13,"column":2},"end":{"line":41,"column":7}},"9":{"start":{"line":15,"column":6},"end":{"line":17,"column":null}},"10":{"start":{"line":16,"column":8},"end":{"line":16,"column":36}},"11":{"start":{"line":18,"column":19},"end":{"line":18,"column":27}},"12":{"start":{"line":20,"column":6},"end":{"line":22,"column":null}},"13":{"start":{"line":21,"column":8},"end":{"line":21,"column":36}},"14":{"start":{"line":24,"column":23},"end":{"line":24,"column":33}},"15":{"start":{"line":25,"column":6},"end":{"line":25,"column":48}},"16":{"start":{"line":26,"column":20},"end":{"line":26,"column":71}},"17":{"start":{"line":29,"column":23},"end":{"line":29,"column":59}},"18":{"start":{"line":30,"column":6},"end":{"line":30,"column":37}},"19":{"start":{"line":33,"column":6},"end":{"line":33,"column":25}},"20":{"start":{"line":36,"column":6},"end":{"line":40,"column":null}},"21":{"start":{"line":37,"column":8},"end":{"line":37,"column":28}},"22":{"start":{"line":39,"column":8},"end":{"line":39,"column":31}},"23":{"start":{"line":45,"column":0},"end":{"line":45,"column":22}}},"fnMap":{"0":{"name":"(anonymous_0)","decl":{"start":{"line":11,"column":17},"end":{"line":11,"column":18}},"loc":{"start":{"line":11,"column":30},"end":{"line":42,"column":1}}},"1":{"name":"(anonymous_1)","decl":{"start":{"line":14,"column":10},"end":{"line":14,"column":15}},"loc":{"start":{"line":14,"column":18},"end":{"line":31,"column":5}}},"2":{"name":"(anonymous_2)","decl":{"start":{"line":32,"column":10},"end":{"line":32,"column":18}},"loc":{"start":{"line":32,"column":21},"end":{"line":34,"column":5}}},"3":{"name":"(anonymous_3)","decl":{"start":{"line":35,"column":11},"end":{"line":35,"column":12}},"loc":{"start":{"line":35,"column":15},"end":{"line":41,"column":5}}}},"branchMap":{"0":{"loc":{"start":{"line":15,"column":6},"end":{"line":17,"column":null}},"type":"if","locations":[{"start":{"line":15,"column":6},"end":{"line":17,"column":null}},{"start":{"line":15,"column":6},"end":{"line":17,"column":null}}]},"1":{"loc":{"start":{"line":20,"column":6},"end":{"line":22,"column":null}},"type":"if","locations":[{"start":{"line":20,"column":6},"end":{"line":22,"column":null}},{"start":{"line":20,"column":6},"end":{"line":22,"column":null}}]},"2":{"loc":{"start":{"line":36,"column":6},"end":{"line":40,"column":null}},"type":"if","locations":[{"start":{"line":36,"column":6},"end":{"line":40,"column":null}},{"start":{"line":36,"column":6},"end":{"line":40,"column":null}}]},"3":{"loc":{"start":{"line":36,"column":10},"end":{"line":36,"column":20}},"type":"binary-expr","locations":[{"start":{"line":36,"column":10},"end":{"line":36,"column":20}},{"start":{"line":36,"column":24},"end":{"line":36,"column":34}}]}},"s":{"0":1,"1":1,"2":1,"3":1,"4":1,"5":1,"6":1,"7":3,"8":3,"9":3,"10":0,"11":3,"12":3,"13":1,"14":2,"15":2,"16":2,"17":2,"18":2,"19":2,"20":1,"21":1,"22":0,"23":1},"f":{"0":3,"1":3,"2":2,"3":1},"b":{"0":[0,3],"1":[1,2],"2":[1,0],"3":[1,1]}}
,"/Users/keisuke/dev/lovelab.heroku/src/routes/v1/signup.ts": {"path":"/Users/keisuke/dev/lovelab.heroku/src/routes/v1/signup.ts","statementMap":{"0":{"start":{"line":1,"column":0},"end":{"line":1,"column":35}},"1":{"start":{"line":2,"column":0},"end":{"line":2,"column":33}},"2":{"start":{"line":3,"column":0},"end":{"line":3,"column":33}},"3":{"start":{"line":4,"column":0},"end":{"line":4,"column":43}},"4":{"start":{"line":5,"column":0},"end":{"line":5,"column":72}},"5":{"start":{"line":6,"column":0},"end":{"line":6,"column":45}},"6":{"start":{"line":8,"column":15},"end":{"line":8,"column":31}},"7":{"start":{"line":12,"column":0},"end":{"line":34,"column":3}},"8":{"start":{"line":13,"column":36},"end":{"line":13,"column":44}},"9":{"start":{"line":14,"column":2},"end":{"line":17,"column":null}},"10":{"start":{"line":15,"column":4},"end":{"line":15,"column":27}},"11":{"start":{"line":16,"column":4},"end":{"line":16,"column":11}},"12":{"start":{"line":18,"column":2},"end":{"line":33,"column":7}},"13":{"start":{"line":20,"column":6},"end":{"line":22,"column":null}},"14":{"start":{"line":21,"column":8},"end":{"line":21,"column":36}},"15":{"start":{"line":23,"column":19},"end":{"line":23,"column":56}},"16":{"start":{"line":24,"column":27},"end":{"line":24,"column":50}},"17":{"start":{"line":25,"column":6},"end":{"line":25,"column":63}},"18":{"start":{"line":28,"column":6},"end":{"line":28,"column":50}},"19":{"start":{"line":31,"column":6},"end":{"line":31,"column":46}},"20":{"start":{"line":37,"column":0},"end":{"line":37,"column":22}}},"fnMap":{"0":{"name":"(anonymous_0)","decl":{"start":{"line":12,"column":17},"end":{"line":12,"column":18}},"loc":{"start":{"line":12,"column":30},"end":{"line":34,"column":1}}},"1":{"name":"(anonymous_1)","decl":{"start":{"line":19,"column":10},"end":{"line":19,"column":14}},"loc":{"start":{"line":19,"column":17},"end":{"line":26,"column":5}}},"2":{"name":"(anonymous_2)","decl":{"start":{"line":27,"column":10},"end":{"line":27,"column":17}},"loc":{"start":{"line":27,"column":20},"end":{"line":29,"column":5}}},"3":{"name":"(anonymous_3)","decl":{"start":{"line":30,"column":11},"end":{"line":30,"column":12}},"loc":{"start":{"line":30,"column":15},"end":{"line":33,"column":5}}}},"branchMap":{"0":{"loc":{"start":{"line":14,"column":2},"end":{"line":17,"column":null}},"type":"if","locations":[{"start":{"line":14,"column":2},"end":{"line":17,"column":null}},{"start":{"line":14,"column":2},"end":{"line":17,"column":null}}]},"1":{"loc":{"start":{"line":14,"column":6},"end":{"line":14,"column":22}},"type":"binary-expr","locations":[{"start":{"line":14,"column":6},"end":{"line":14,"column":22}},{"start":{"line":14,"column":26},"end":{"line":14,"column":45}}]},"2":{"loc":{"start":{"line":20,"column":6},"end":{"line":22,"column":null}},"type":"if","locations":[{"start":{"line":20,"column":6},"end":{"line":22,"column":null}},{"start":{"line":20,"column":6},"end":{"line":22,"column":null}}]},"3":{"loc":{"start":{"line":31,"column":36},"end":{"line":31,"column":37}},"type":"cond-expr","locations":[{"start":{"line":31,"column":36},"end":{"line":31,"column":37}},{"start":{"line":31,"column":40},"end":{"line":31,"column":44}}]}},"s":{"0":1,"1":1,"2":1,"3":1,"4":1,"5":1,"6":1,"7":1,"8":5,"9":5,"10":2,"11":2,"12":3,"13":3,"14":1,"15":2,"16":2,"17":2,"18":2,"19":1,"20":1},"f":{"0":5,"1":3,"2":2,"3":1},"b":{"0":[2,3],"1":[5,4],"2":[1,2],"3":[1,0]}}
,"/Users/keisuke/dev/lovelab.heroku/src/routes/v1/authed/groups.ts": {"path":"/Users/keisuke/dev/lovelab.heroku/src/routes/v1/authed/groups.ts","statementMap":{"0":{"start":{"line":1,"column":0},"end":{"line":1,"column":35}},"1":{"start":{"line":2,"column":0},"end":{"line":2,"column":48}},"2":{"start":{"line":3,"column":0},"end":{"line":3,"column":46}},"3":{"start":{"line":4,"column":0},"end":{"line":4,"column":48}},"4":{"start":{"line":6,"column":15},"end":{"line":6,"column":31}},"5":{"start":{"line":13,"column":34},"end":{"line":18,"column":1}},"6":{"start":{"line":16,"column":36},"end":{"line":16,"column":41}},"7":{"start":{"line":17,"column":2},"end":{"line":17,"column":35}},"8":{"start":{"line":19,"column":17},"end":{"line":24,"column":1}},"9":{"start":{"line":20,"column":2},"end":{"line":22,"column":null}},"10":{"start":{"line":21,"column":4},"end":{"line":21,"column":17}},"11":{"start":{"line":23,"column":2},"end":{"line":23,"column":14}},"12":{"start":{"line":28,"column":0},"end":{"line":45,"column":3}},"13":{"start":{"line":29,"column":13},"end":{"line":29,"column":40}},"14":{"start":{"line":30,"column":2},"end":{"line":33,"column":null}},"15":{"start":{"line":31,"column":4},"end":{"line":31,"column":27}},"16":{"start":{"line":32,"column":4},"end":{"line":32,"column":11}},"17":{"start":{"line":34,"column":2},"end":{"line":44,"column":7}},"18":{"start":{"line":36,"column":6},"end":{"line":39,"column":null}},"19":{"start":{"line":37,"column":8},"end":{"line":37,"column":31}},"20":{"start":{"line":38,"column":8},"end":{"line":38,"column":15}},"21":{"start":{"line":40,"column":6},"end":{"line":40,"column":49}},"22":{"start":{"line":43,"column":6},"end":{"line":43,"column":29}},"23":{"start":{"line":49,"column":0},"end":{"line":88,"column":3}},"24":{"start":{"line":50,"column":40},"end":{"line":50,"column":48}},"25":{"start":{"line":51,"column":2},"end":{"line":54,"column":null}},"26":{"start":{"line":52,"column":4},"end":{"line":52,"column":27}},"27":{"start":{"line":53,"column":4},"end":{"line":53,"column":11}},"28":{"start":{"line":55,"column":2},"end":{"line":87,"column":7}},"29":{"start":{"line":57,"column":6},"end":{"line":60,"column":null}},"30":{"start":{"line":58,"column":8},"end":{"line":58,"column":31}},"31":{"start":{"line":59,"column":8},"end":{"line":59,"column":15}},"32":{"start":{"line":62,"column":6},"end":{"line":65,"column":null}},"33":{"start":{"line":63,"column":8},"end":{"line":63,"column":31}},"34":{"start":{"line":64,"column":8},"end":{"line":64,"column":15}},"35":{"start":{"line":66,"column":6},"end":{"line":83,"column":9}},"36":{"start":{"line":68,"column":24},"end":{"line":68,"column":32}},"37":{"start":{"line":69,"column":8},"end":{"line":82,"column":13}},"38":{"start":{"line":72,"column":12},"end":{"line":72,"column":55}},"39":{"start":{"line":75,"column":12},"end":{"line":81,"column":17}},"40":{"start":{"line":77,"column":16},"end":{"line":77,"column":39}},"41":{"start":{"line":80,"column":16},"end":{"line":80,"column":39}},"42":{"start":{"line":86,"column":6},"end":{"line":86,"column":29}},"43":{"start":{"line":91,"column":0},"end":{"line":91,"column":22}}},"fnMap":{"0":{"name":"(anonymous_0)","decl":{"start":{"line":13,"column":34},"end":{"line":13,"column":null}},"loc":{"start":{"line":15,"column":25},"end":{"line":18,"column":1}}},"1":{"name":"(anonymous_1)","decl":{"start":{"line":19,"column":17},"end":{"line":19,"column":18}},"loc":{"start":{"line":19,"column":42},"end":{"line":24,"column":1}}},"2":{"name":"(anonymous_2)","decl":{"start":{"line":28,"column":19},"end":{"line":28,"column":20}},"loc":{"start":{"line":28,"column":32},"end":{"line":45,"column":1}}},"3":{"name":"(anonymous_3)","decl":{"start":{"line":35,"column":10},"end":{"line":35,"column":15}},"loc":{"start":{"line":35,"column":18},"end":{"line":41,"column":5}}},"4":{"name":"(anonymous_4)","decl":{"start":{"line":42,"column":11},"end":{"line":42,"column":14}},"loc":{"start":{"line":42,"column":16},"end":{"line":44,"column":5}}},"5":{"name":"(anonymous_5)","decl":{"start":{"line":49,"column":17},"end":{"line":49,"column":18}},"loc":{"start":{"line":49,"column":30},"end":{"line":88,"column":1}}},"6":{"name":"(anonymous_6)","decl":{"start":{"line":56,"column":10},"end":{"line":56,"column":14}},"loc":{"start":{"line":56,"column":17},"end":{"line":84,"column":5}}},"7":{"name":"(anonymous_7)","decl":{"start":{"line":66,"column":48},"end":{"line":66,"column":53}},"loc":{"start":{"line":66,"column":56},"end":{"line":83,"column":7}}},"8":{"name":"(anonymous_8)","decl":{"start":{"line":70,"column":16},"end":{"line":70,"column":19}},"loc":{"start":{"line":70,"column":21},"end":{"line":73,"column":11}}},"9":{"name":"(anonymous_9)","decl":{"start":{"line":74,"column":17},"end":{"line":74,"column":20}},"loc":{"start":{"line":74,"column":22},"end":{"line":82,"column":11}}},"10":{"name":"(anonymous_10)","decl":{"start":{"line":76,"column":20},"end":{"line":76,"column":23}},"loc":{"start":{"line":76,"column":25},"end":{"line":78,"column":15}}},"11":{"name":"(anonymous_11)","decl":{"start":{"line":79,"column":21},"end":{"line":79,"column":24}},"loc":{"start":{"line":79,"column":26},"end":{"line":81,"column":15}}},"12":{"name":"(anonymous_12)","decl":{"start":{"line":85,"column":11},"end":{"line":85,"column":14}},"loc":{"start":{"line":85,"column":16},"end":{"line":87,"column":5}}}},"branchMap":{"0":{"loc":{"start":{"line":20,"column":2},"end":{"line":22,"column":null}},"type":"if","locations":[{"start":{"line":20,"column":2},"end":{"line":22,"column":null}},{"start":{"line":20,"column":2},"end":{"line":22,"column":null}}]},"1":{"loc":{"start":{"line":20,"column":6},"end":{"line":20,"column":23}},"type":"binary-expr","locations":[{"start":{"line":20,"column":6},"end":{"line":20,"column":23}},{"start":{"line":20,"column":27},"end":{"line":20,"column":39}},{"start":{"line":20,"column":43},"end":{"line":20,"column":53}}]},"2":{"loc":{"start":{"line":30,"column":2},"end":{"line":33,"column":null}},"type":"if","locations":[{"start":{"line":30,"column":2},"end":{"line":33,"column":null}},{"start":{"line":30,"column":2},"end":{"line":33,"column":null}}]},"3":{"loc":{"start":{"line":30,"column":6},"end":{"line":30,"column":22}},"type":"binary-expr","locations":[{"start":{"line":30,"column":6},"end":{"line":30,"column":22}},{"start":{"line":30,"column":26},"end":{"line":30,"column":32}}]},"4":{"loc":{"start":{"line":36,"column":6},"end":{"line":39,"column":null}},"type":"if","locations":[{"start":{"line":36,"column":6},"end":{"line":39,"column":null}},{"start":{"line":36,"column":6},"end":{"line":39,"column":null}}]},"5":{"loc":{"start":{"line":51,"column":2},"end":{"line":54,"column":null}},"type":"if","locations":[{"start":{"line":51,"column":2},"end":{"line":54,"column":null}},{"start":{"line":51,"column":2},"end":{"line":54,"column":null}}]},"6":{"loc":{"start":{"line":57,"column":6},"end":{"line":60,"column":null}},"type":"if","locations":[{"start":{"line":57,"column":6},"end":{"line":60,"column":null}},{"start":{"line":57,"column":6},"end":{"line":60,"column":null}}]},"7":{"loc":{"start":{"line":62,"column":6},"end":{"line":65,"column":null}},"type":"if","locations":[{"start":{"line":62,"column":6},"end":{"line":65,"column":null}},{"start":{"line":62,"column":6},"end":{"line":65,"column":null}}]}},"s":{"0":1,"1":1,"2":1,"3":1,"4":1,"5":1,"6":2,"7":2,"8":1,"9":2,"10":1,"11":1,"12":1,"13":2,"14":2,"15":0,"16":0,"17":2,"18":2,"19":1,"20":1,"21":1,"22":0,"23":1,"24":2,"25":2,"26":1,"27":1,"28":1,"29":1,"30":0,"31":0,"32":1,"33":0,"34":0,"35":1,"36":1,"37":1,"38":1,"39":0,"40":0,"41":0,"42":0,"43":1},"f":{"0":2,"1":2,"2":2,"3":2,"4":0,"5":2,"6":1,"7":1,"8":1,"9":0,"10":0,"11":0,"12":0},"b":{"0":[1,1],"1":[2,1,1],"2":[0,2],"3":[2,2],"4":[1,1],"5":[1,1],"6":[0,1],"7":[0,1]}}
,"/Users/keisuke/dev/lovelab.heroku/src/routes/v1/authed/index.ts": {"path":"/Users/keisuke/dev/lovelab.heroku/src/routes/v1/authed/index.ts","statementMap":{"0":{"start":{"line":1,"column":0},"end":{"line":1,"column":35}},"1":{"start":{"line":2,"column":0},"end":{"line":2,"column":36}},"2":{"start":{"line":3,"column":0},"end":{"line":3,"column":34}},"3":{"start":{"line":4,"column":0},"end":{"line":4,"column":46}},"4":{"start":{"line":5,"column":0},"end":{"line":5,"column":34}},"5":{"start":{"line":7,"column":15},"end":{"line":7,"column":31}},"6":{"start":{"line":9,"column":0},"end":{"line":9,"column":36}},"7":{"start":{"line":10,"column":0},"end":{"line":10,"column":34}},"8":{"start":{"line":11,"column":0},"end":{"line":11,"column":46}},"9":{"start":{"line":12,"column":0},"end":{"line":12,"column":34}},"10":{"start":{"line":14,"column":0},"end":{"line":14,"column":22}}},"fnMap":{},"branchMap":{},"s":{"0":1,"1":1,"2":1,"3":1,"4":1,"5":1,"6":1,"7":1,"8":1,"9":1,"10":1},"f":{},"b":{}}
,"/Users/keisuke/dev/lovelab.heroku/src/routes/v1/authed/invitations.ts": {"path":"/Users/keisuke/dev/lovelab.heroku/src/routes/v1/authed/invitations.ts","statementMap":{"0":{"start":{"line":1,"column":0},"end":{"line":1,"column":35}},"1":{"start":{"line":2,"column":0},"end":{"line":2,"column":58}},"2":{"start":{"line":3,"column":0},"end":{"line":3,"column":46}},"3":{"start":{"line":4,"column":0},"end":{"line":4,"column":48}},"4":{"start":{"line":6,"column":15},"end":{"line":6,"column":31}},"5":{"start":{"line":10,"column":0},"end":{"line":60,"column":3}},"6":{"start":{"line":11,"column":24},"end":{"line":11,"column":53}},"7":{"start":{"line":12,"column":24},"end":{"line":12,"column":60}},"8":{"start":{"line":13,"column":22},"end":{"line":13,"column":30}},"9":{"start":{"line":15,"column":2},"end":{"line":18,"column":null}},"10":{"start":{"line":16,"column":4},"end":{"line":16,"column":27}},"11":{"start":{"line":17,"column":4},"end":{"line":17,"column":11}},"12":{"start":{"line":20,"column":2},"end":{"line":23,"column":null}},"13":{"start":{"line":21,"column":4},"end":{"line":21,"column":27}},"14":{"start":{"line":22,"column":4},"end":{"line":22,"column":11}},"15":{"start":{"line":25,"column":2},"end":{"line":59,"column":7}},"16":{"start":{"line":27,"column":6},"end":{"line":30,"column":null}},"17":{"start":{"line":28,"column":8},"end":{"line":28,"column":31}},"18":{"start":{"line":29,"column":8},"end":{"line":29,"column":15}},"19":{"start":{"line":31,"column":6},"end":{"line":55,"column":11}},"20":{"start":{"line":33,"column":10},"end":{"line":36,"column":null}},"21":{"start":{"line":34,"column":12},"end":{"line":34,"column":35}},"22":{"start":{"line":35,"column":12},"end":{"line":35,"column":19}},"23":{"start":{"line":38,"column":30},"end":{"line":38,"column":37}},"24":{"start":{"line":39,"column":10},"end":{"line":42,"column":null}},"25":{"start":{"line":40,"column":12},"end":{"line":40,"column":35}},"26":{"start":{"line":41,"column":12},"end":{"line":41,"column":19}},"27":{"start":{"line":45,"column":10},"end":{"line":51,"column":15}},"28":{"start":{"line":47,"column":14},"end":{"line":47,"column":38}},"29":{"start":{"line":50,"column":14},"end":{"line":50,"column":37}},"30":{"start":{"line":54,"column":10},"end":{"line":54,"column":33}},"31":{"start":{"line":58,"column":6},"end":{"line":58,"column":29}},"32":{"start":{"line":64,"column":0},"end":{"line":73,"column":3}},"33":{"start":{"line":65,"column":24},"end":{"line":65,"column":39}},"34":{"start":{"line":66,"column":2},"end":{"line":72,"column":7}},"35":{"start":{"line":68,"column":6},"end":{"line":68,"column":28}},"36":{"start":{"line":71,"column":6},"end":{"line":71,"column":29}},"37":{"start":{"line":80,"column":0},"end":{"line":121,"column":3}},"38":{"start":{"line":81,"column":20},"end":{"line":81,"column":50}},"39":{"start":{"line":82,"column":23},"end":{"line":82,"column":50}},"40":{"start":{"line":83,"column":21},"end":{"line":83,"column":29}},"41":{"start":{"line":84,"column":2},"end":{"line":87,"column":null}},"42":{"start":{"line":85,"column":4},"end":{"line":85,"column":27}},"43":{"start":{"line":86,"column":4},"end":{"line":86,"column":11}},"44":{"start":{"line":88,"column":2},"end":{"line":120,"column":5}},"45":{"start":{"line":88,"column":61},"end":{"line":120,"column":4}},"46":{"start":{"line":89,"column":4},"end":{"line":92,"column":null}},"47":{"start":{"line":90,"column":6},"end":{"line":90,"column":29}},"48":{"start":{"line":91,"column":6},"end":{"line":91,"column":13}},"49":{"start":{"line":94,"column":4},"end":{"line":97,"column":null}},"50":{"start":{"line":95,"column":6},"end":{"line":95,"column":29}},"51":{"start":{"line":96,"column":6},"end":{"line":96,"column":13}},"52":{"start":{"line":100,"column":4},"end":{"line":112,"column":null}},"53":{"start":{"line":101,"column":6},"end":{"line":104,"column":8}},"54":{"start":{"line":113,"column":4},"end":{"line":119,"column":9}},"55":{"start":{"line":115,"column":8},"end":{"line":115,"column":30}},"56":{"start":{"line":118,"column":8},"end":{"line":118,"column":31}},"57":{"start":{"line":124,"column":0},"end":{"line":124,"column":22}}},"fnMap":{"0":{"name":"(anonymous_7)","decl":{"start":{"line":10,"column":17},"end":{"line":10,"column":18}},"loc":{"start":{"line":10,"column":30},"end":{"line":60,"column":1}}},"1":{"name":"(anonymous_8)","decl":{"start":{"line":26,"column":10},"end":{"line":26,"column":21}},"loc":{"start":{"line":26,"column":24},"end":{"line":56,"column":5}}},"2":{"name":"(anonymous_9)","decl":{"start":{"line":32,"column":14},"end":{"line":32,"column":21}},"loc":{"start":{"line":32,"column":24},"end":{"line":52,"column":9}}},"3":{"name":"(anonymous_10)","decl":{"start":{"line":46,"column":18},"end":{"line":46,"column":31}},"loc":{"start":{"line":46,"column":34},"end":{"line":48,"column":13}}},"4":{"name":"(anonymous_11)","decl":{"start":{"line":49,"column":19},"end":{"line":49,"column":22}},"loc":{"start":{"line":49,"column":24},"end":{"line":51,"column":13}}},"5":{"name":"(anonymous_12)","decl":{"start":{"line":53,"column":15},"end":{"line":53,"column":18}},"loc":{"start":{"line":53,"column":20},"end":{"line":55,"column":9}}},"6":{"name":"(anonymous_13)","decl":{"start":{"line":57,"column":11},"end":{"line":57,"column":14}},"loc":{"start":{"line":57,"column":16},"end":{"line":59,"column":5}}},"7":{"name":"(anonymous_14)","decl":{"start":{"line":64,"column":16},"end":{"line":64,"column":17}},"loc":{"start":{"line":64,"column":29},"end":{"line":73,"column":1}}},"8":{"name":"(anonymous_15)","decl":{"start":{"line":67,"column":10},"end":{"line":67,"column":21}},"loc":{"start":{"line":67,"column":24},"end":{"line":69,"column":5}}},"9":{"name":"(anonymous_16)","decl":{"start":{"line":70,"column":11},"end":{"line":70,"column":14}},"loc":{"start":{"line":70,"column":16},"end":{"line":72,"column":5}}},"10":{"name":"(anonymous_17)","decl":{"start":{"line":80,"column":22},"end":{"line":80,"column":23}},"loc":{"start":{"line":80,"column":35},"end":{"line":121,"column":1}}},"11":{"name":"(anonymous_18)","decl":{"start":{"line":88,"column":42},"end":{"line":88,"column":48}},"loc":{"start":{"line":88,"column":61},"end":{"line":120,"column":4}}},"12":{"name":"(anonymous_19)","decl":{"start":{"line":88,"column":61},"end":{"line":88,"column":null}},"loc":{"start":{"line":88,"column":61},"end":{"line":120,"column":3}}},"13":{"name":"(anonymous_20)","decl":{"start":{"line":114,"column":12},"end":{"line":114,"column":15}},"loc":{"start":{"line":114,"column":17},"end":{"line":116,"column":7}}},"14":{"name":"(anonymous_21)","decl":{"start":{"line":117,"column":13},"end":{"line":117,"column":16}},"loc":{"start":{"line":117,"column":18},"end":{"line":119,"column":7}}}},"branchMap":{"0":{"loc":{"start":{"line":15,"column":2},"end":{"line":18,"column":null}},"type":"if","locations":[{"start":{"line":15,"column":2},"end":{"line":18,"column":null}},{"start":{"line":15,"column":2},"end":{"line":18,"column":null}}]},"1":{"loc":{"start":{"line":15,"column":6},"end":{"line":15,"column":33}},"type":"binary-expr","locations":[{"start":{"line":15,"column":6},"end":{"line":15,"column":33}},{"start":{"line":15,"column":37},"end":{"line":15,"column":54}}]},"2":{"loc":{"start":{"line":20,"column":2},"end":{"line":23,"column":null}},"type":"if","locations":[{"start":{"line":20,"column":2},"end":{"line":23,"column":null}},{"start":{"line":20,"column":2},"end":{"line":23,"column":null}}]},"3":{"loc":{"start":{"line":27,"column":6},"end":{"line":30,"column":null}},"type":"if","locations":[{"start":{"line":27,"column":6},"end":{"line":30,"column":null}},{"start":{"line":27,"column":6},"end":{"line":30,"column":null}}]},"4":{"loc":{"start":{"line":33,"column":10},"end":{"line":36,"column":null}},"type":"if","locations":[{"start":{"line":33,"column":10},"end":{"line":36,"column":null}},{"start":{"line":33,"column":10},"end":{"line":36,"column":null}}]},"5":{"loc":{"start":{"line":39,"column":10},"end":{"line":42,"column":null}},"type":"if","locations":[{"start":{"line":39,"column":10},"end":{"line":42,"column":null}},{"start":{"line":39,"column":10},"end":{"line":42,"column":null}}]},"6":{"loc":{"start":{"line":84,"column":2},"end":{"line":87,"column":null}},"type":"if","locations":[{"start":{"line":84,"column":2},"end":{"line":87,"column":null}},{"start":{"line":84,"column":2},"end":{"line":87,"column":null}}]},"7":{"loc":{"start":{"line":84,"column":6},"end":{"line":84,"column":32}},"type":"binary-expr","locations":[{"start":{"line":84,"column":6},"end":{"line":84,"column":32}},{"start":{"line":84,"column":36},"end":{"line":84,"column":52}}]},"8":{"loc":{"start":{"line":89,"column":4},"end":{"line":92,"column":null}},"type":"if","locations":[{"start":{"line":89,"column":4},"end":{"line":92,"column":null}},{"start":{"line":89,"column":4},"end":{"line":92,"column":null}}]},"9":{"loc":{"start":{"line":94,"column":4},"end":{"line":97,"column":null}},"type":"if","locations":[{"start":{"line":94,"column":4},"end":{"line":97,"column":null}},{"start":{"line":94,"column":4},"end":{"line":97,"column":null}}]},"10":{"loc":{"start":{"line":100,"column":4},"end":{"line":112,"column":null}},"type":"if","locations":[{"start":{"line":100,"column":4},"end":{"line":112,"column":null}},{"start":{"line":100,"column":4},"end":{"line":112,"column":null}}]}},"s":{"0":1,"1":1,"2":1,"3":1,"4":1,"5":1,"6":4,"7":4,"8":4,"9":4,"10":0,"11":0,"12":4,"13":1,"14":1,"15":3,"16":3,"17":0,"18":0,"19":3,"20":3,"21":0,"22":0,"23":3,"24":3,"25":1,"26":1,"27":2,"28":2,"29":0,"30":0,"31":0,"32":1,"33":3,"34":3,"35":3,"36":0,"37":1,"38":2,"39":2,"40":2,"41":2,"42":0,"43":0,"44":2,"45":2,"46":2,"47":0,"48":0,"49":2,"50":0,"51":0,"52":2,"53":1,"54":2,"55":2,"56":0,"57":1},"f":{"0":4,"1":3,"2":3,"3":2,"4":0,"5":0,"6":0,"7":3,"8":3,"9":0,"10":2,"11":2,"12":2,"13":2,"14":0},"b":{"0":[0,4],"1":[4,4],"2":[1,3],"3":[0,3],"4":[0,3],"5":[1,2],"6":[0,2],"7":[2,2],"8":[0,2],"9":[0,2],"10":[1,1]}}
,"/Users/keisuke/dev/lovelab.heroku/src/routes/v1/authed/tasks.ts": {"path":"/Users/keisuke/dev/lovelab.heroku/src/routes/v1/authed/tasks.ts","statementMap":{"0":{"start":{"line":1,"column":0},"end":{"line":1,"column":35}},"1":{"start":{"line":2,"column":0},"end":{"line":2,"column":46}},"2":{"start":{"line":3,"column":0},"end":{"line":3,"column":46}},"3":{"start":{"line":4,"column":0},"end":{"line":4,"column":48}},"4":{"start":{"line":13,"column":15},"end":{"line":13,"column":31}},"5":{"start":{"line":15,"column":17},"end":{"line":20,"column":1}},"6":{"start":{"line":16,"column":2},"end":{"line":18,"column":null}},"7":{"start":{"line":17,"column":4},"end":{"line":17,"column":17}},"8":{"start":{"line":19,"column":2},"end":{"line":19,"column":14}},"9":{"start":{"line":24,"column":0},"end":{"line":47,"column":3}},"10":{"start":{"line":25,"column":2},"end":{"line":46,"column":7}},"11":{"start":{"line":27,"column":6},"end":{"line":30,"column":null}},"12":{"start":{"line":28,"column":8},"end":{"line":28,"column":31}},"13":{"start":{"line":29,"column":8},"end":{"line":29,"column":15}},"14":{"start":{"line":31,"column":26},"end":{"line":31,"column":30}},"15":{"start":{"line":32,"column":6},"end":{"line":35,"column":null}},"16":{"start":{"line":33,"column":8},"end":{"line":33,"column":31}},"17":{"start":{"line":34,"column":8},"end":{"line":34,"column":15}},"18":{"start":{"line":36,"column":6},"end":{"line":42,"column":11}},"19":{"start":{"line":38,"column":10},"end":{"line":38,"column":26}},"20":{"start":{"line":41,"column":10},"end":{"line":41,"column":33}},"21":{"start":{"line":45,"column":6},"end":{"line":45,"column":29}},"22":{"start":{"line":51,"column":0},"end":{"line":78,"column":3}},"23":{"start":{"line":52,"column":36},"end":{"line":52,"column":44}},"24":{"start":{"line":56,"column":2},"end":{"line":59,"column":null}},"25":{"start":{"line":57,"column":4},"end":{"line":57,"column":27}},"26":{"start":{"line":58,"column":4},"end":{"line":58,"column":11}},"27":{"start":{"line":60,"column":2},"end":{"line":77,"column":7}},"28":{"start":{"line":62,"column":6},"end":{"line":65,"column":null}},"29":{"start":{"line":63,"column":8},"end":{"line":63,"column":31}},"30":{"start":{"line":64,"column":8},"end":{"line":64,"column":15}},"31":{"start":{"line":66,"column":39},"end":{"line":66,"column":79}},"32":{"start":{"line":67,"column":6},"end":{"line":73,"column":11}},"33":{"start":{"line":69,"column":10},"end":{"line":69,"column":25}},"34":{"start":{"line":72,"column":10},"end":{"line":72,"column":33}},"35":{"start":{"line":76,"column":6},"end":{"line":76,"column":29}},"36":{"start":{"line":82,"column":0},"end":{"line":115,"column":3}},"37":{"start":{"line":83,"column":17},"end":{"line":83,"column":48}},"38":{"start":{"line":85,"column":2},"end":{"line":88,"column":null}},"39":{"start":{"line":86,"column":4},"end":{"line":86,"column":27}},"40":{"start":{"line":87,"column":4},"end":{"line":87,"column":11}},"41":{"start":{"line":90,"column":2},"end":{"line":114,"column":7}},"42":{"start":{"line":92,"column":6},"end":{"line":95,"column":null}},"43":{"start":{"line":93,"column":8},"end":{"line":93,"column":31}},"44":{"start":{"line":94,"column":8},"end":{"line":94,"column":15}},"45":{"start":{"line":96,"column":6},"end":{"line":110,"column":11}},"46":{"start":{"line":98,"column":10},"end":{"line":101,"column":null}},"47":{"start":{"line":99,"column":12},"end":{"line":99,"column":35}},"48":{"start":{"line":100,"column":12},"end":{"line":100,"column":19}},"49":{"start":{"line":102,"column":10},"end":{"line":105,"column":null}},"50":{"start":{"line":103,"column":12},"end":{"line":103,"column":35}},"51":{"start":{"line":104,"column":12},"end":{"line":104,"column":19}},"52":{"start":{"line":106,"column":10},"end":{"line":106,"column":25}},"53":{"start":{"line":109,"column":10},"end":{"line":109,"column":33}},"54":{"start":{"line":113,"column":6},"end":{"line":113,"column":29}},"55":{"start":{"line":119,"column":0},"end":{"line":176,"column":3}},"56":{"start":{"line":120,"column":17},"end":{"line":120,"column":48}},"57":{"start":{"line":121,"column":2},"end":{"line":124,"column":null}},"58":{"start":{"line":122,"column":4},"end":{"line":122,"column":27}},"59":{"start":{"line":123,"column":4},"end":{"line":123,"column":11}},"60":{"start":{"line":126,"column":48},"end":{"line":126,"column":56}},"61":{"start":{"line":129,"column":35},"end":{"line":129,"column":37}},"62":{"start":{"line":130,"column":2},"end":{"line":132,"column":null}},"63":{"start":{"line":131,"column":4},"end":{"line":131,"column":28}},"64":{"start":{"line":133,"column":2},"end":{"line":135,"column":null}},"65":{"start":{"line":134,"column":4},"end":{"line":134,"column":34}},"66":{"start":{"line":136,"column":2},"end":{"line":141,"column":null}},"67":{"start":{"line":137,"column":4},"end":{"line":137,"column":40}},"68":{"start":{"line":138,"column":9},"end":{"line":141,"column":null}},"69":{"start":{"line":139,"column":4},"end":{"line":139,"column":27}},"70":{"start":{"line":140,"column":4},"end":{"line":140,"column":11}},"71":{"start":{"line":144,"column":2},"end":{"line":175,"column":7}},"72":{"start":{"line":146,"column":6},"end":{"line":149,"column":null}},"73":{"start":{"line":147,"column":8},"end":{"line":147,"column":31}},"74":{"start":{"line":148,"column":8},"end":{"line":148,"column":15}},"75":{"start":{"line":151,"column":6},"end":{"line":171,"column":11}},"76":{"start":{"line":153,"column":10},"end":{"line":167,"column":15}},"77":{"start":{"line":155,"column":14},"end":{"line":158,"column":null}},"78":{"start":{"line":156,"column":16},"end":{"line":156,"column":39}},"79":{"start":{"line":157,"column":16},"end":{"line":157,"column":23}},"80":{"start":{"line":159,"column":14},"end":{"line":162,"column":null}},"81":{"start":{"line":160,"column":16},"end":{"line":160,"column":39}},"82":{"start":{"line":161,"column":16},"end":{"line":161,"column":23}},"83":{"start":{"line":163,"column":14},"end":{"line":163,"column":29}},"84":{"start":{"line":166,"column":14},"end":{"line":166,"column":37}},"85":{"start":{"line":170,"column":10},"end":{"line":170,"column":33}},"86":{"start":{"line":174,"column":6},"end":{"line":174,"column":29}},"87":{"start":{"line":179,"column":0},"end":{"line":179,"column":22}}},"fnMap":{"0":{"name":"(anonymous_0)","decl":{"start":{"line":15,"column":17},"end":{"line":15,"column":18}},"loc":{"start":{"line":15,"column":42},"end":{"line":20,"column":1}}},"1":{"name":"(anonymous_1)","decl":{"start":{"line":24,"column":16},"end":{"line":24,"column":17}},"loc":{"start":{"line":24,"column":29},"end":{"line":47,"column":1}}},"2":{"name":"(anonymous_2)","decl":{"start":{"line":26,"column":10},"end":{"line":26,"column":14}},"loc":{"start":{"line":26,"column":17},"end":{"line":43,"column":5}}},"3":{"name":"(anonymous_3)","decl":{"start":{"line":37,"column":14},"end":{"line":37,"column":19}},"loc":{"start":{"line":37,"column":22},"end":{"line":39,"column":9}}},"4":{"name":"(anonymous_4)","decl":{"start":{"line":40,"column":15},"end":{"line":40,"column":18}},"loc":{"start":{"line":40,"column":20},"end":{"line":42,"column":9}}},"5":{"name":"(anonymous_5)","decl":{"start":{"line":44,"column":11},"end":{"line":44,"column":14}},"loc":{"start":{"line":44,"column":16},"end":{"line":46,"column":5}}},"6":{"name":"(anonymous_6)","decl":{"start":{"line":51,"column":17},"end":{"line":51,"column":18}},"loc":{"start":{"line":51,"column":30},"end":{"line":78,"column":1}}},"7":{"name":"(anonymous_7)","decl":{"start":{"line":61,"column":10},"end":{"line":61,"column":14}},"loc":{"start":{"line":61,"column":17},"end":{"line":74,"column":5}}},"8":{"name":"(anonymous_8)","decl":{"start":{"line":68,"column":14},"end":{"line":68,"column":18}},"loc":{"start":{"line":68,"column":21},"end":{"line":70,"column":9}}},"9":{"name":"(anonymous_9)","decl":{"start":{"line":71,"column":15},"end":{"line":71,"column":18}},"loc":{"start":{"line":71,"column":20},"end":{"line":73,"column":9}}},"10":{"name":"(anonymous_10)","decl":{"start":{"line":75,"column":11},"end":{"line":75,"column":14}},"loc":{"start":{"line":75,"column":16},"end":{"line":77,"column":5}}},"11":{"name":"(anonymous_11)","decl":{"start":{"line":82,"column":23},"end":{"line":82,"column":24}},"loc":{"start":{"line":82,"column":36},"end":{"line":115,"column":1}}},"12":{"name":"(anonymous_12)","decl":{"start":{"line":91,"column":10},"end":{"line":91,"column":14}},"loc":{"start":{"line":91,"column":17},"end":{"line":111,"column":5}}},"13":{"name":"(anonymous_13)","decl":{"start":{"line":97,"column":14},"end":{"line":97,"column":18}},"loc":{"start":{"line":97,"column":21},"end":{"line":107,"column":9}}},"14":{"name":"(anonymous_14)","decl":{"start":{"line":108,"column":15},"end":{"line":108,"column":18}},"loc":{"start":{"line":108,"column":20},"end":{"line":110,"column":9}}},"15":{"name":"(anonymous_15)","decl":{"start":{"line":112,"column":11},"end":{"line":112,"column":14}},"loc":{"start":{"line":112,"column":16},"end":{"line":114,"column":5}}},"16":{"name":"(anonymous_16)","decl":{"start":{"line":119,"column":23},"end":{"line":119,"column":24}},"loc":{"start":{"line":119,"column":36},"end":{"line":176,"column":1}}},"17":{"name":"(anonymous_17)","decl":{"start":{"line":145,"column":10},"end":{"line":145,"column":14}},"loc":{"start":{"line":145,"column":17},"end":{"line":172,"column":5}}},"18":{"name":"(anonymous_18)","decl":{"start":{"line":152,"column":14},"end":{"line":152,"column":17}},"loc":{"start":{"line":152,"column":19},"end":{"line":168,"column":9}}},"19":{"name":"(anonymous_19)","decl":{"start":{"line":154,"column":18},"end":{"line":154,"column":22}},"loc":{"start":{"line":154,"column":25},"end":{"line":164,"column":13}}},"20":{"name":"(anonymous_20)","decl":{"start":{"line":165,"column":19},"end":{"line":165,"column":22}},"loc":{"start":{"line":165,"column":24},"end":{"line":167,"column":13}}},"21":{"name":"(anonymous_21)","decl":{"start":{"line":169,"column":15},"end":{"line":169,"column":18}},"loc":{"start":{"line":169,"column":20},"end":{"line":171,"column":9}}},"22":{"name":"(anonymous_22)","decl":{"start":{"line":173,"column":11},"end":{"line":173,"column":14}},"loc":{"start":{"line":173,"column":16},"end":{"line":175,"column":5}}}},"branchMap":{"0":{"loc":{"start":{"line":16,"column":2},"end":{"line":18,"column":null}},"type":"if","locations":[{"start":{"line":16,"column":2},"end":{"line":18,"column":null}},{"start":{"line":16,"column":2},"end":{"line":18,"column":null}}]},"1":{"loc":{"start":{"line":16,"column":6},"end":{"line":16,"column":23}},"type":"binary-expr","locations":[{"start":{"line":16,"column":6},"end":{"line":16,"column":23}},{"start":{"line":16,"column":27},"end":{"line":16,"column":39}},{"start":{"line":16,"column":43},"end":{"line":16,"column":53}}]},"2":{"loc":{"start":{"line":27,"column":6},"end":{"line":30,"column":null}},"type":"if","locations":[{"start":{"line":27,"column":6},"end":{"line":30,"column":null}},{"start":{"line":27,"column":6},"end":{"line":30,"column":null}}]},"3":{"loc":{"start":{"line":32,"column":6},"end":{"line":35,"column":null}},"type":"if","locations":[{"start":{"line":32,"column":6},"end":{"line":35,"column":null}},{"start":{"line":32,"column":6},"end":{"line":35,"column":null}}]},"4":{"loc":{"start":{"line":56,"column":2},"end":{"line":59,"column":null}},"type":"if","locations":[{"start":{"line":56,"column":2},"end":{"line":59,"column":null}},{"start":{"line":56,"column":2},"end":{"line":59,"column":null}}]},"5":{"loc":{"start":{"line":56,"column":6},"end":{"line":56,"column":21}},"type":"binary-expr","locations":[{"start":{"line":56,"column":6},"end":{"line":56,"column":21}},{"start":{"line":56,"column":25},"end":{"line":56,"column":43}}]},"6":{"loc":{"start":{"line":62,"column":6},"end":{"line":65,"column":null}},"type":"if","locations":[{"start":{"line":62,"column":6},"end":{"line":65,"column":null}},{"start":{"line":62,"column":6},"end":{"line":65,"column":null}}]},"7":{"loc":{"start":{"line":85,"column":2},"end":{"line":88,"column":null}},"type":"if","locations":[{"start":{"line":85,"column":2},"end":{"line":88,"column":null}},{"start":{"line":85,"column":2},"end":{"line":88,"column":null}}]},"8":{"loc":{"start":{"line":92,"column":6},"end":{"line":95,"column":null}},"type":"if","locations":[{"start":{"line":92,"column":6},"end":{"line":95,"column":null}},{"start":{"line":92,"column":6},"end":{"line":95,"column":null}}]},"9":{"loc":{"start":{"line":98,"column":10},"end":{"line":101,"column":null}},"type":"if","locations":[{"start":{"line":98,"column":10},"end":{"line":101,"column":null}},{"start":{"line":98,"column":10},"end":{"line":101,"column":null}}]},"10":{"loc":{"start":{"line":102,"column":10},"end":{"line":105,"column":null}},"type":"if","locations":[{"start":{"line":102,"column":10},"end":{"line":105,"column":null}},{"start":{"line":102,"column":10},"end":{"line":105,"column":null}}]},"11":{"loc":{"start":{"line":121,"column":2},"end":{"line":124,"column":null}},"type":"if","locations":[{"start":{"line":121,"column":2},"end":{"line":124,"column":null}},{"start":{"line":121,"column":2},"end":{"line":124,"column":null}}]},"12":{"loc":{"start":{"line":130,"column":2},"end":{"line":132,"column":null}},"type":"if","locations":[{"start":{"line":130,"column":2},"end":{"line":132,"column":null}},{"start":{"line":130,"column":2},"end":{"line":132,"column":null}}]},"13":{"loc":{"start":{"line":133,"column":2},"end":{"line":135,"column":null}},"type":"if","locations":[{"start":{"line":133,"column":2},"end":{"line":135,"column":null}},{"start":{"line":133,"column":2},"end":{"line":135,"column":null}}]},"14":{"loc":{"start":{"line":136,"column":2},"end":{"line":141,"column":null}},"type":"if","locations":[{"start":{"line":136,"column":2},"end":{"line":141,"column":null}},{"start":{"line":136,"column":2},"end":{"line":141,"column":null}}]},"15":{"loc":{"start":{"line":136,"column":6},"end":{"line":136,"column":25}},"type":"binary-expr","locations":[{"start":{"line":136,"column":6},"end":{"line":136,"column":25}},{"start":{"line":136,"column":29},"end":{"line":136,"column":49}}]},"16":{"loc":{"start":{"line":138,"column":9},"end":{"line":141,"column":null}},"type":"if","locations":[{"start":{"line":138,"column":9},"end":{"line":141,"column":null}},{"start":{"line":138,"column":9},"end":{"line":141,"column":null}}]},"17":{"loc":{"start":{"line":146,"column":6},"end":{"line":149,"column":null}},"type":"if","locations":[{"start":{"line":146,"column":6},"end":{"line":149,"column":null}},{"start":{"line":146,"column":6},"end":{"line":149,"column":null}}]},"18":{"loc":{"start":{"line":155,"column":14},"end":{"line":158,"column":null}},"type":"if","locations":[{"start":{"line":155,"column":14},"end":{"line":158,"column":null}},{"start":{"line":155,"column":14},"end":{"line":158,"column":null}}]},"19":{"loc":{"start":{"line":159,"column":14},"end":{"line":162,"column":null}},"type":"if","locations":[{"start":{"line":159,"column":14},"end":{"line":162,"column":null}},{"start":{"line":159,"column":14},"end":{"line":162,"column":null}}]}},"s":{"0":1,"1":1,"2":1,"3":1,"4":1,"5":1,"6":0,"7":0,"8":0,"9":1,"10":0,"11":0,"12":0,"13":0,"14":0,"15":0,"16":0,"17":0,"18":0,"19":0,"20":0,"21":0,"22":1,"23":0,"24":0,"25":0,"26":0,"27":0,"28":0,"29":0,"30":0,"31":0,"32":0,"33":0,"34":0,"35":0,"36":1,"37":0,"38":0,"39":0,"40":0,"41":0,"42":0,"43":0,"44":0,"45":0,"46":0,"47":0,"48":0,"49":0,"50":0,"51":0,"52":0,"53":0,"54":0,"55":1,"56":0,"57":0,"58":0,"59":0,"60":0,"61":0,"62":0,"63":0,"64":0,"65":0,"66":0,"67":0,"68":0,"69":0,"70":0,"71":0,"72":0,"73":0,"74":0,"75":0,"76":0,"77":0,"78":0,"79":0,"80":0,"81":0,"82":0,"83":0,"84":0,"85":0,"86":0,"87":1},"f":{"0":0,"1":0,"2":0,"3":0,"4":0,"5":0,"6":0,"7":0,"8":0,"9":0,"10":0,"11":0,"12":0,"13":0,"14":0,"15":0,"16":0,"17":0,"18":0,"19":0,"20":0,"21":0,"22":0},"b":{"0":[0,0],"1":[0,0,0],"2":[0,0],"3":[0,0],"4":[0,0],"5":[0,0],"6":[0,0],"7":[0,0],"8":[0,0],"9":[0,0],"10":[0,0],"11":[0,0],"12":[0,0],"13":[0,0],"14":[0,0],"15":[0,0],"16":[0,0],"17":[0,0],"18":[0,0],"19":[0,0]}}
,"/Users/keisuke/dev/lovelab.heroku/src/routes/v1/authed/users.ts": {"path":"/Users/keisuke/dev/lovelab.heroku/src/routes/v1/authed/users.ts","statementMap":{"0":{"start":{"line":1,"column":0},"end":{"line":1,"column":35}},"1":{"start":{"line":2,"column":0},"end":{"line":2,"column":46}},"2":{"start":{"line":3,"column":0},"end":{"line":3,"column":65}},"3":{"start":{"line":4,"column":0},"end":{"line":4,"column":48}},"4":{"start":{"line":6,"column":15},"end":{"line":6,"column":31}},"5":{"start":{"line":8,"column":26},"end":{"line":20,"column":1}},"6":{"start":{"line":9,"column":2},"end":{"line":19,"column":7}},"7":{"start":{"line":11,"column":6},"end":{"line":15,"column":8}},"8":{"start":{"line":13,"column":10},"end":{"line":13,"column":48}},"9":{"start":{"line":18,"column":6},"end":{"line":18,"column":29}},"10":{"start":{"line":23,"column":0},"end":{"line":48,"column":3}},"11":{"start":{"line":24,"column":2},"end":{"line":41,"column":null}},"12":{"start":{"line":25,"column":4},"end":{"line":39,"column":null}},"13":{"start":{"line":26,"column":6},"end":{"line":36,"column":11}},"14":{"start":{"line":28,"column":10},"end":{"line":31,"column":null}},"15":{"start":{"line":29,"column":12},"end":{"line":29,"column":35}},"16":{"start":{"line":30,"column":12},"end":{"line":30,"column":19}},"17":{"start":{"line":32,"column":10},"end":{"line":32,"column":47}},"18":{"start":{"line":35,"column":10},"end":{"line":35,"column":33}},"19":{"start":{"line":38,"column":6},"end":{"line":38,"column":29}},"20":{"start":{"line":40,"column":4},"end":{"line":40,"column":11}},"21":{"start":{"line":42,"column":18},"end":{"line":42,"column":49}},"22":{"start":{"line":43,"column":2},"end":{"line":46,"column":null}},"23":{"start":{"line":44,"column":4},"end":{"line":44,"column":27}},"24":{"start":{"line":45,"column":4},"end":{"line":45,"column":11}},"25":{"start":{"line":47,"column":2},"end":{"line":47,"column":34}},"26":{"start":{"line":52,"column":0},"end":{"line":65,"column":3}},"27":{"start":{"line":53,"column":17},"end":{"line":53,"column":48}},"28":{"start":{"line":54,"column":2},"end":{"line":57,"column":null}},"29":{"start":{"line":55,"column":4},"end":{"line":55,"column":27}},"30":{"start":{"line":56,"column":4},"end":{"line":56,"column":11}},"31":{"start":{"line":58,"column":2},"end":{"line":64,"column":5}},"32":{"start":{"line":59,"column":4},"end":{"line":62,"column":null}},"33":{"start":{"line":60,"column":6},"end":{"line":60,"column":29}},"34":{"start":{"line":61,"column":6},"end":{"line":61,"column":13}},"35":{"start":{"line":63,"column":4},"end":{"line":63,"column":45}},"36":{"start":{"line":68,"column":0},"end":{"line":68,"column":22}}},"fnMap":{"0":{"name":"(anonymous_0)","decl":{"start":{"line":8,"column":26},"end":{"line":8,"column":27}},"loc":{"start":{"line":8,"column":75},"end":{"line":20,"column":1}}},"1":{"name":"(anonymous_1)","decl":{"start":{"line":10,"column":10},"end":{"line":10,"column":15}},"loc":{"start":{"line":10,"column":18},"end":{"line":16,"column":5}}},"2":{"name":"(anonymous_2)","decl":{"start":{"line":12,"column":18},"end":{"line":12,"column":22}},"loc":{"start":{"line":12,"column":25},"end":{"line":14,"column":9}}},"3":{"name":"(anonymous_3)","decl":{"start":{"line":17,"column":11},"end":{"line":17,"column":14}},"loc":{"start":{"line":17,"column":16},"end":{"line":19,"column":5}}},"4":{"name":"(anonymous_4)","decl":{"start":{"line":23,"column":16},"end":{"line":23,"column":17}},"loc":{"start":{"line":23,"column":29},"end":{"line":48,"column":1}}},"5":{"name":"(anonymous_5)","decl":{"start":{"line":27,"column":14},"end":{"line":27,"column":18}},"loc":{"start":{"line":27,"column":21},"end":{"line":33,"column":9}}},"6":{"name":"(anonymous_6)","decl":{"start":{"line":34,"column":15},"end":{"line":34,"column":18}},"loc":{"start":{"line":34,"column":20},"end":{"line":36,"column":9}}},"7":{"name":"(anonymous_7)","decl":{"start":{"line":52,"column":23},"end":{"line":52,"column":24}},"loc":{"start":{"line":52,"column":36},"end":{"line":65,"column":1}}},"8":{"name":"(anonymous_8)","decl":{"start":{"line":58,"column":30},"end":{"line":58,"column":34}},"loc":{"start":{"line":58,"column":37},"end":{"line":64,"column":3}}}},"branchMap":{"0":{"loc":{"start":{"line":24,"column":2},"end":{"line":41,"column":null}},"type":"if","locations":[{"start":{"line":24,"column":2},"end":{"line":41,"column":null}},{"start":{"line":24,"column":2},"end":{"line":41,"column":null}}]},"1":{"loc":{"start":{"line":25,"column":4},"end":{"line":39,"column":null}},"type":"if","locations":[{"start":{"line":25,"column":4},"end":{"line":39,"column":null}},{"start":{"line":25,"column":4},"end":{"line":39,"column":null}}]},"2":{"loc":{"start":{"line":28,"column":10},"end":{"line":31,"column":null}},"type":"if","locations":[{"start":{"line":28,"column":10},"end":{"line":31,"column":null}},{"start":{"line":28,"column":10},"end":{"line":31,"column":null}}]},"3":{"loc":{"start":{"line":43,"column":2},"end":{"line":46,"column":null}},"type":"if","locations":[{"start":{"line":43,"column":2},"end":{"line":46,"column":null}},{"start":{"line":43,"column":2},"end":{"line":46,"column":null}}]},"4":{"loc":{"start":{"line":43,"column":6},"end":{"line":43,"column":27}},"type":"binary-expr","locations":[{"start":{"line":43,"column":6},"end":{"line":43,"column":27}},{"start":{"line":43,"column":31},"end":{"line":43,"column":42}}]},"5":{"loc":{"start":{"line":54,"column":2},"end":{"line":57,"column":null}},"type":"if","locations":[{"start":{"line":54,"column":2},"end":{"line":57,"column":null}},{"start":{"line":54,"column":2},"end":{"line":57,"column":null}}]},"6":{"loc":{"start":{"line":54,"column":6},"end":{"line":54,"column":26}},"type":"binary-expr","locations":[{"start":{"line":54,"column":6},"end":{"line":54,"column":26}},{"start":{"line":54,"column":30},"end":{"line":54,"column":40}}]},"7":{"loc":{"start":{"line":59,"column":4},"end":{"line":62,"column":null}},"type":"if","locations":[{"start":{"line":59,"column":4},"end":{"line":62,"column":null}},{"start":{"line":59,"column":4},"end":{"line":62,"column":null}}]}},"s":{"0":1,"1":1,"2":1,"3":1,"4":1,"5":1,"6":3,"7":3,"8":4,"9":0,"10":1,"11":4,"12":2,"13":1,"14":1,"15":0,"16":0,"17":1,"18":0,"19":1,"20":2,"21":2,"22":2,"23":0,"24":0,"25":2,"26":1,"27":4,"28":4,"29":0,"30":0,"31":4,"32":4,"33":1,"34":1,"35":3,"36":1},"f":{"0":3,"1":3,"2":4,"3":0,"4":4,"5":1,"6":0,"7":4,"8":4},"b":{"0":[2,2],"1":[1,1],"2":[0,1],"3":[0,2],"4":[2,2],"5":[0,4],"6":[4,4],"7":[1,3]}}
}
