TN:
SF:/Users/keisuke/dev/lovelab.heroku/src/db.ts
FN:10,(anonymous_0)
FN:39,(anonymous_1)
FN:44,(anonymous_2)
FN:49,(anonymous_3)
FN:54,(anonymous_4)
FN:59,(anonymous_5)
FN:64,(anonymous_6)
FN:68,(anonymous_7)
FNF:8
FNH:7
FNDA:1,(anonymous_0)
FNDA:1,(anonymous_1)
FNDA:1,(anonymous_2)
FNDA:1,(anonymous_3)
FNDA:1,(anonymous_4)
FNDA:1,(anonymous_5)
FNDA:1,(anonymous_6)
FNDA:0,(anonymous_7)
DA:1,1
DA:2,1
DA:3,1
DA:4,1
DA:5,1
DA:6,1
DA:7,1
DA:9,1
DA:10,1
DA:14,1
DA:15,1
DA:16,0
DA:19,1
DA:20,1
DA:31,1
DA:32,1
DA:33,1
DA:34,1
DA:35,1
DA:37,1
DA:40,1
DA:45,1
DA:50,1
DA:55,1
DA:60,1
DA:65,1
DA:66,1
DA:70,0
DA:71,0
DA:75,1
LF:30
LH:27
BRDA:11,0,0,0
BRDA:12,1,0,0
BRDA:15,2,0,0
BRDA:15,2,1,1
BRF:4
BRH:1
end_of_record
TN:
SF:/Users/keisuke/dev/lovelab.heroku/src/startApp.ts
FNF:0
FNH:0
DA:1,1
DA:2,1
DA:3,1
DA:4,1
DA:5,1
DA:9,1
DA:11,1
DA:12,1
DA:14,1
DA:17,1
DA:19,1
DA:21,1
LF:12
LH:12
BRF:0
BRH:0
end_of_record
TN:
SF:/Users/keisuke/dev/lovelab.heroku/src/config/config.ts
FN:12,(anonymous_0)
FNF:1
FNH:1
FNDA:1,(anonymous_0)
DA:1,1
DA:12,1
DA:13,1
DA:14,1
DA:23,1
DA:32,1
DA:35,1
LF:7
LH:7
BRDA:12,0,0,0
BRDA:15,1,0,1
BRDA:15,1,1,0
BRDA:16,2,0,1
BRDA:16,2,1,0
BRDA:16,3,0,1
BRDA:16,3,1,1
BRDA:18,4,0,1
BRDA:18,4,1,0
BRDA:19,5,0,1
BRDA:19,5,1,0
BRDA:20,6,0,1
BRDA:20,6,1,0
BRDA:24,7,0,1
BRDA:24,7,1,0
BRDA:25,8,0,1
BRDA:25,8,1,0
BRDA:25,9,0,1
BRDA:25,9,1,1
BRDA:27,10,0,1
BRDA:27,10,1,0
BRDA:28,11,0,1
BRDA:28,11,1,0
BRDA:29,12,0,1
BRDA:29,12,1,0
BRDA:32,13,0,1
BRDA:32,13,1,0
BRF:27
BRH:15
end_of_record
TN:
SF:/Users/keisuke/dev/lovelab.heroku/src/middleware/authorization.ts
FN:5,(anonymous_0)
FN:16,(anonymous_1)
FNF:2
FNH:2
FNDA:22,(anonymous_0)
FNDA:21,(anonymous_1)
DA:2,1
DA:3,1
DA:5,1
DA:10,22
DA:11,22
DA:12,1
DA:13,1
DA:15,21
DA:16,21
DA:17,21
DA:19,0
DA:20,0
DA:22,21
DA:23,21
DA:27,1
LF:15
LH:13
BRDA:11,0,0,1
BRDA:11,0,1,21
BRDA:11,1,0,22
BRDA:11,1,1,21
BRDA:17,2,0,0
BRDA:17,2,1,21
BRF:6
BRH:5
end_of_record
TN:
SF:/Users/keisuke/dev/lovelab.heroku/src/models/groups.ts
FN:10,(anonymous_0)
FN:40,(anonymous_1)
FNF:2
FNH:2
FNDA:1,(anonymous_0)
FNDA:1,(anonymous_1)
DA:1,1
DA:11,1
DA:40,1
DA:41,1
DA:42,1
DA:45,1
LF:6
LH:6
BRF:0
BRH:0
end_of_record
TN:
SF:/Users/keisuke/dev/lovelab.heroku/src/models/invitations.ts
FN:14,(anonymous_0)
FN:63,(anonymous_1)
FNF:2
FNH:2
FNDA:1,(anonymous_0)
FNDA:1,(anonymous_1)
DA:1,1
DA:15,1
DA:63,1
DA:64,1
DA:65,1
DA:68,1
LF:6
LH:6
BRF:0
BRH:0
end_of_record
TN:
SF:/Users/keisuke/dev/lovelab.heroku/src/models/tasks.ts
FN:20,(anonymous_0)
FN:82,(anonymous_1)
FNF:2
FNH:2
FNDA:1,(anonymous_0)
FNDA:1,(anonymous_1)
DA:1,1
DA:21,1
DA:82,1
DA:83,1
DA:84,1
DA:87,1
LF:6
LH:6
BRF:0
BRH:0
end_of_record
TN:
SF:/Users/keisuke/dev/lovelab.heroku/src/models/tokens.ts
FN:10,(anonymous_0)
FN:41,(anonymous_1)
FNF:2
FNH:2
FNDA:1,(anonymous_0)
FNDA:1,(anonymous_1)
DA:1,1
DA:11,1
DA:41,1
DA:42,1
DA:43,1
DA:46,1
LF:6
LH:6
BRF:0
BRH:0
end_of_record
TN:
SF:/Users/keisuke/dev/lovelab.heroku/src/models/users.ts
FN:18,(anonymous_0)
FN:72,(anonymous_1)
FNF:2
FNH:2
FNDA:1,(anonymous_0)
FNDA:1,(anonymous_1)
DA:1,1
DA:19,1
DA:72,1
DA:73,1
DA:74,1
DA:77,1
LF:6
LH:6
BRF:0
BRH:0
end_of_record
TN:
SF:/Users/keisuke/dev/lovelab.heroku/src/others/error.ts
FN:15,(anonymous_0)
FNF:1
FNH:1
FNDA:11,(anonymous_0)
DA:13,1
DA:15,1
DA:16,11
DA:17,11
DA:19,11
DA:21,1
DA:22,1
LF:7
LH:7
BRF:0
BRH:0
end_of_record
TN:
SF:/Users/keisuke/dev/lovelab.heroku/src/others/users.ts
FN:9,(anonymous_0)
FN:15,(anonymous_1)
FNF:2
FNH:2
FNDA:9,(anonymous_0)
FNDA:9,(anonymous_1)
DA:9,1
DA:12,9
DA:13,9
DA:15,1
DA:16,9
DA:17,2
DA:19,7
DA:22,1
LF:8
LH:8
BRDA:16,0,0,2
BRDA:16,0,1,7
BRDA:16,1,0,9
BRDA:16,1,1,7
BRDA:16,1,2,7
BRF:5
BRH:5
end_of_record
TN:
SF:/Users/keisuke/dev/lovelab.heroku/src/routes/v1/index.ts
FNF:0
FNH:0
DA:1,1
DA:2,1
DA:3,1
DA:5,1
DA:7,1
DA:8,1
DA:10,1
LF:7
LH:7
BRF:0
BRH:0
end_of_record
TN:
SF:/Users/keisuke/dev/lovelab.heroku/src/routes/v1/login.ts
FN:11,(anonymous_0)
FN:14,(anonymous_1)
FN:32,(anonymous_2)
FN:35,(anonymous_3)
FNF:4
FNH:4
FNDA:3,(anonymous_0)
FNDA:3,(anonymous_1)
FNDA:2,(anonymous_2)
FNDA:1,(anonymous_3)
DA:1,1
DA:2,1
DA:3,1
DA:4,1
DA:5,1
DA:7,1
DA:11,1
DA:12,3
DA:13,3
DA:15,3
DA:16,0
DA:18,3
DA:20,3
DA:21,1
DA:24,2
DA:25,2
DA:26,2
DA:29,2
DA:30,2
DA:33,2
DA:36,1
DA:37,1
DA:39,0
DA:45,1
LF:24
LH:22
BRDA:15,0,0,0
BRDA:15,0,1,3
BRDA:20,1,0,1
BRDA:20,1,1,2
BRDA:36,2,0,1
BRDA:36,2,1,0
BRDA:36,3,0,1
BRDA:36,3,1,1
BRF:8
BRH:6
end_of_record
TN:
SF:/Users/keisuke/dev/lovelab.heroku/src/routes/v1/signup.ts
FN:12,(anonymous_0)
FN:19,(anonymous_1)
FN:27,(anonymous_2)
FN:30,(anonymous_3)
FNF:4
FNH:4
FNDA:5,(anonymous_0)
FNDA:3,(anonymous_1)
FNDA:2,(anonymous_2)
FNDA:1,(anonymous_3)
DA:1,1
DA:2,1
DA:3,1
DA:4,1
DA:5,1
DA:6,1
DA:8,1
DA:12,1
DA:13,5
DA:14,5
DA:15,2
DA:16,2
DA:18,3
DA:20,3
DA:21,1
DA:23,2
DA:24,2
DA:25,2
DA:28,2
DA:31,1
DA:37,1
LF:21
LH:21
BRDA:14,0,0,2
BRDA:14,0,1,3
BRDA:14,1,0,5
BRDA:14,1,1,4
BRDA:20,2,0,1
BRDA:20,2,1,2
BRDA:31,3,0,1
BRDA:31,3,1,0
BRF:8
BRH:7
end_of_record
TN:
SF:/Users/keisuke/dev/lovelab.heroku/src/routes/v1/authed/groups.ts
FN:13,(anonymous_0)
FN:19,(anonymous_1)
FN:28,(anonymous_2)
FN:35,(anonymous_3)
FN:42,(anonymous_4)
FN:49,(anonymous_5)
FN:56,(anonymous_6)
FN:66,(anonymous_7)
FN:70,(anonymous_8)
FN:74,(anonymous_9)
FN:76,(anonymous_10)
FN:79,(anonymous_11)
FN:85,(anonymous_12)
FNF:13
FNH:8
FNDA:2,(anonymous_0)
FNDA:2,(anonymous_1)
FNDA:2,(anonymous_2)
FNDA:2,(anonymous_3)
FNDA:0,(anonymous_4)
FNDA:2,(anonymous_5)
FNDA:1,(anonymous_6)
FNDA:1,(anonymous_7)
FNDA:1,(anonymous_8)
FNDA:0,(anonymous_9)
FNDA:0,(anonymous_10)
FNDA:0,(anonymous_11)
FNDA:0,(anonymous_12)
DA:1,1
DA:2,1
DA:3,1
DA:4,1
DA:6,1
DA:13,1
DA:16,2
DA:17,2
DA:19,1
DA:20,2
DA:21,1
DA:23,1
DA:28,1
DA:29,2
DA:30,2
DA:31,0
DA:32,0
DA:34,2
DA:36,2
DA:37,1
DA:38,1
DA:40,1
DA:43,0
DA:49,1
DA:50,2
DA:51,2
DA:52,1
DA:53,1
DA:55,1
DA:57,1
DA:58,0
DA:59,0
DA:62,1
DA:63,0
DA:64,0
DA:66,1
DA:68,1
DA:69,1
DA:72,1
DA:75,0
DA:77,0
DA:80,0
DA:86,0
DA:91,1
LF:44
LH:33
BRDA:20,0,0,1
BRDA:20,0,1,1
BRDA:20,1,0,2
BRDA:20,1,1,1
BRDA:20,1,2,1
BRDA:30,2,0,0
BRDA:30,2,1,2
BRDA:30,3,0,2
BRDA:30,3,1,2
BRDA:36,4,0,1
BRDA:36,4,1,1
BRDA:51,5,0,1
BRDA:51,5,1,1
BRDA:57,6,0,0
BRDA:57,6,1,1
BRDA:62,7,0,0
BRDA:62,7,1,1
BRF:17
BRH:14
end_of_record
TN:
SF:/Users/keisuke/dev/lovelab.heroku/src/routes/v1/authed/index.ts
FNF:0
FNH:0
DA:1,1
DA:2,1
DA:3,1
DA:4,1
DA:5,1
DA:7,1
DA:9,1
DA:10,1
DA:11,1
DA:12,1
DA:14,1
LF:11
LH:11
BRF:0
BRH:0
end_of_record
TN:
SF:/Users/keisuke/dev/lovelab.heroku/src/routes/v1/authed/invitations.ts
FN:10,(anonymous_7)
FN:26,(anonymous_8)
FN:32,(anonymous_9)
FN:46,(anonymous_10)
FN:49,(anonymous_11)
FN:53,(anonymous_12)
FN:57,(anonymous_13)
FN:64,(anonymous_14)
FN:67,(anonymous_15)
FN:70,(anonymous_16)
FN:80,(anonymous_17)
FN:88,(anonymous_18)
FN:88,(anonymous_19)
FN:114,(anonymous_20)
FN:117,(anonymous_21)
FNF:15
FNH:10
FNDA:4,(anonymous_7)
FNDA:3,(anonymous_8)
FNDA:3,(anonymous_9)
FNDA:2,(anonymous_10)
FNDA:0,(anonymous_11)
FNDA:0,(anonymous_12)
FNDA:0,(anonymous_13)
FNDA:3,(anonymous_14)
FNDA:3,(anonymous_15)
FNDA:0,(anonymous_16)
FNDA:2,(anonymous_17)
FNDA:2,(anonymous_18)
FNDA:2,(anonymous_19)
FNDA:2,(anonymous_20)
FNDA:0,(anonymous_21)
DA:1,1
DA:2,1
DA:3,1
DA:4,1
DA:6,1
DA:10,1
DA:11,4
DA:12,4
DA:13,4
DA:15,4
DA:16,0
DA:17,0
DA:20,4
DA:21,1
DA:22,1
DA:25,3
DA:27,3
DA:28,0
DA:29,0
DA:31,3
DA:33,3
DA:34,0
DA:35,0
DA:38,3
DA:39,3
DA:40,1
DA:41,1
DA:45,2
DA:47,2
DA:50,0
DA:54,0
DA:58,0
DA:64,1
DA:65,3
DA:66,3
DA:68,3
DA:71,0
DA:80,1
DA:81,2
DA:82,2
DA:83,2
DA:84,2
DA:85,0
DA:86,0
DA:88,2
DA:89,2
DA:90,0
DA:91,0
DA:94,2
DA:95,0
DA:96,0
DA:100,2
DA:101,1
DA:113,2
DA:115,2
DA:118,0
DA:124,1
LF:57
LH:40
BRDA:15,0,0,0
BRDA:15,0,1,4
BRDA:15,1,0,4
BRDA:15,1,1,4
BRDA:20,2,0,1
BRDA:20,2,1,3
BRDA:27,3,0,0
BRDA:27,3,1,3
BRDA:33,4,0,0
BRDA:33,4,1,3
BRDA:39,5,0,1
BRDA:39,5,1,2
BRDA:84,6,0,0
BRDA:84,6,1,2
BRDA:84,7,0,2
BRDA:84,7,1,2
BRDA:89,8,0,0
BRDA:89,8,1,2
BRDA:94,9,0,0
BRDA:94,9,1,2
BRDA:100,10,0,1
BRDA:100,10,1,1
BRF:22
BRH:16
end_of_record
TN:
SF:/Users/keisuke/dev/lovelab.heroku/src/routes/v1/authed/tasks.ts
FN:15,(anonymous_0)
FN:24,(anonymous_1)
FN:26,(anonymous_2)
FN:37,(anonymous_3)
FN:40,(anonymous_4)
FN:44,(anonymous_5)
FN:51,(anonymous_6)
FN:61,(anonymous_7)
FN:68,(anonymous_8)
FN:71,(anonymous_9)
FN:75,(anonymous_10)
FN:82,(anonymous_11)
FN:91,(anonymous_12)
FN:97,(anonymous_13)
FN:108,(anonymous_14)
FN:112,(anonymous_15)
FN:119,(anonymous_16)
FN:145,(anonymous_17)
FN:152,(anonymous_18)
FN:154,(anonymous_19)
FN:165,(anonymous_20)
FN:169,(anonymous_21)
FN:173,(anonymous_22)
FNF:23
FNH:0
FNDA:0,(anonymous_0)
FNDA:0,(anonymous_1)
FNDA:0,(anonymous_2)
FNDA:0,(anonymous_3)
FNDA:0,(anonymous_4)
FNDA:0,(anonymous_5)
FNDA:0,(anonymous_6)
FNDA:0,(anonymous_7)
FNDA:0,(anonymous_8)
FNDA:0,(anonymous_9)
FNDA:0,(anonymous_10)
FNDA:0,(anonymous_11)
FNDA:0,(anonymous_12)
FNDA:0,(anonymous_13)
FNDA:0,(anonymous_14)
FNDA:0,(anonymous_15)
FNDA:0,(anonymous_16)
FNDA:0,(anonymous_17)
FNDA:0,(anonymous_18)
FNDA:0,(anonymous_19)
FNDA:0,(anonymous_20)
FNDA:0,(anonymous_21)
FNDA:0,(anonymous_22)
DA:1,1
DA:2,1
DA:3,1
DA:4,1
DA:13,1
DA:15,1
DA:16,0
DA:17,0
DA:19,0
DA:24,1
DA:25,0
DA:27,0
DA:28,0
DA:29,0
DA:31,0
DA:32,0
DA:33,0
DA:34,0
DA:36,0
DA:38,0
DA:41,0
DA:45,0
DA:51,1
DA:52,0
DA:56,0
DA:57,0
DA:58,0
DA:60,0
DA:62,0
DA:63,0
DA:64,0
DA:66,0
DA:67,0
DA:69,0
DA:72,0
DA:76,0
DA:82,1
DA:83,0
DA:85,0
DA:86,0
DA:87,0
DA:90,0
DA:92,0
DA:93,0
DA:94,0
DA:96,0
DA:98,0
DA:99,0
DA:100,0
DA:102,0
DA:103,0
DA:104,0
DA:106,0
DA:109,0
DA:113,0
DA:119,1
DA:120,0
DA:121,0
DA:122,0
DA:123,0
DA:126,0
DA:129,0
DA:130,0
DA:131,0
DA:133,0
DA:134,0
DA:136,0
DA:137,0
DA:138,0
DA:139,0
DA:140,0
DA:144,0
DA:146,0
DA:147,0
DA:148,0
DA:151,0
DA:153,0
DA:155,0
DA:156,0
DA:157,0
DA:159,0
DA:160,0
DA:161,0
DA:163,0
DA:166,0
DA:170,0
DA:174,0
DA:179,1
LF:88
LH:11
BRDA:16,0,0,0
BRDA:16,0,1,0
BRDA:16,1,0,0
BRDA:16,1,1,0
BRDA:16,1,2,0
BRDA:27,2,0,0
BRDA:27,2,1,0
BRDA:32,3,0,0
BRDA:32,3,1,0
BRDA:56,4,0,0
BRDA:56,4,1,0
BRDA:56,5,0,0
BRDA:56,5,1,0
BRDA:62,6,0,0
BRDA:62,6,1,0
BRDA:85,7,0,0
BRDA:85,7,1,0
BRDA:92,8,0,0
BRDA:92,8,1,0
BRDA:98,9,0,0
BRDA:98,9,1,0
BRDA:102,10,0,0
BRDA:102,10,1,0
BRDA:121,11,0,0
BRDA:121,11,1,0
BRDA:130,12,0,0
BRDA:130,12,1,0
BRDA:133,13,0,0
BRDA:133,13,1,0
BRDA:136,14,0,0
BRDA:136,14,1,0
BRDA:136,15,0,0
BRDA:136,15,1,0
BRDA:138,16,0,0
BRDA:138,16,1,0
BRDA:146,17,0,0
BRDA:146,17,1,0
BRDA:155,18,0,0
BRDA:155,18,1,0
BRDA:159,19,0,0
BRDA:159,19,1,0
BRF:41
BRH:0
end_of_record
TN:
SF:/Users/keisuke/dev/lovelab.heroku/src/routes/v1/authed/users.ts
FN:8,(anonymous_0)
FN:10,(anonymous_1)
FN:12,(anonymous_2)
FN:17,(anonymous_3)
FN:23,(anonymous_4)
FN:27,(anonymous_5)
FN:34,(anonymous_6)
FN:52,(anonymous_7)
FN:58,(anonymous_8)
FNF:9
FNH:7
FNDA:3,(anonymous_0)
FNDA:3,(anonymous_1)
FNDA:4,(anonymous_2)
FNDA:0,(anonymous_3)
FNDA:4,(anonymous_4)
FNDA:1,(anonymous_5)
FNDA:0,(anonymous_6)
FNDA:4,(anonymous_7)
FNDA:4,(anonymous_8)
DA:1,1
DA:2,1
DA:3,1
DA:4,1
DA:6,1
DA:8,1
DA:9,3
DA:11,3
DA:13,4
DA:18,0
DA:23,1
DA:24,4
DA:25,2
DA:26,1
DA:28,1
DA:29,0
DA:30,0
DA:32,1
DA:35,0
DA:38,1
DA:40,2
DA:42,2
DA:43,2
DA:44,0
DA:45,0
DA:47,2
DA:52,1
DA:53,4
DA:54,4
DA:55,0
DA:56,0
DA:58,4
DA:59,4
DA:60,1
DA:61,1
DA:63,3
DA:68,1
LF:37
LH:29
BRDA:24,0,0,2
BRDA:24,0,1,2
BRDA:25,1,0,1
BRDA:25,1,1,1
BRDA:28,2,0,0
BRDA:28,2,1,1
BRDA:43,3,0,0
BRDA:43,3,1,2
BRDA:43,4,0,2
BRDA:43,4,1,2
BRDA:54,5,0,0
BRDA:54,5,1,4
BRDA:54,6,0,4
BRDA:54,6,1,4
BRDA:59,7,0,1
BRDA:59,7,1,3
BRF:16
BRH:13
end_of_record
